{"A:\\GITHUB\\AI-Powered-Stateful-Personal-Firewall\\frontend\\src\\App.tsx": {"path":"A:\\GITHUB\\AI-Powered-Stateful-Personal-Firewall\\frontend\\src\\App.tsx","statementMap":{"0":{"start":{"line":10,"column":6},"end":{"line":10,"column":null}},"1":{"start":{"line":10,"column":29},"end":{"line":10,"column":null}},"2":{"start":{"line":10,"column":70},"end":{"line":10,"column":null}},"3":{"start":{"line":11,"column":6},"end":{"line":11,"column":null}},"4":{"start":{"line":11,"column":31},"end":{"line":11,"column":null}},"5":{"start":{"line":11,"column":74},"end":{"line":11,"column":null}},"6":{"start":{"line":12,"column":6},"end":{"line":12,"column":null}},"7":{"start":{"line":12,"column":26},"end":{"line":12,"column":null}},"8":{"start":{"line":12,"column":64},"end":{"line":12,"column":null}},"9":{"start":{"line":13,"column":6},"end":{"line":13,"column":null}},"10":{"start":{"line":13,"column":29},"end":{"line":13,"column":null}},"11":{"start":{"line":13,"column":70},"end":{"line":13,"column":null}},"12":{"start":{"line":16,"column":6},"end":{"line":16,"column":null}},"13":{"start":{"line":16,"column":20},"end":{"line":16,"column":null}},"14":{"start":{"line":17,"column":6},"end":{"line":17,"column":null}},"15":{"start":{"line":17,"column":23},"end":{"line":17,"column":null}},"16":{"start":{"line":19,"column":20},"end":{"line":26,"column":null}},"17":{"start":{"line":29,"column":10},"end":{"line":29,"column":null}},"18":{"start":{"line":31,"column":2},"end":{"line":37,"column":null}},"19":{"start":{"line":32,"column":4},"end":{"line":36,"column":null}},"20":{"start":{"line":33,"column":6},"end":{"line":33,"column":null}},"21":{"start":{"line":35,"column":6},"end":{"line":35,"column":null}},"22":{"start":{"line":39,"column":2},"end":{"line":64,"column":null}}},"fnMap":{"0":{"name":"(anonymous_0)","decl":{"start":{"line":10,"column":18},"end":{"line":10,"column":29}},"loc":{"start":{"line":10,"column":29},"end":{"line":10,"column":null}},"line":10},"1":{"name":"(anonymous_1)","decl":{"start":{"line":10,"column":62},"end":{"line":10,"column":68}},"loc":{"start":{"line":10,"column":70},"end":{"line":10,"column":null}},"line":10},"2":{"name":"(anonymous_2)","decl":{"start":{"line":11,"column":20},"end":{"line":11,"column":31}},"loc":{"start":{"line":11,"column":31},"end":{"line":11,"column":null}},"line":11},"3":{"name":"(anonymous_3)","decl":{"start":{"line":11,"column":66},"end":{"line":11,"column":72}},"loc":{"start":{"line":11,"column":74},"end":{"line":11,"column":null}},"line":11},"4":{"name":"(anonymous_4)","decl":{"start":{"line":12,"column":15},"end":{"line":12,"column":26}},"loc":{"start":{"line":12,"column":26},"end":{"line":12,"column":null}},"line":12},"5":{"name":"(anonymous_5)","decl":{"start":{"line":12,"column":56},"end":{"line":12,"column":62}},"loc":{"start":{"line":12,"column":64},"end":{"line":12,"column":null}},"line":12},"6":{"name":"(anonymous_6)","decl":{"start":{"line":13,"column":18},"end":{"line":13,"column":29}},"loc":{"start":{"line":13,"column":29},"end":{"line":13,"column":null}},"line":13},"7":{"name":"(anonymous_7)","decl":{"start":{"line":13,"column":62},"end":{"line":13,"column":68}},"loc":{"start":{"line":13,"column":70},"end":{"line":13,"column":null}},"line":13},"8":{"name":"(anonymous_8)","decl":{"start":{"line":16,"column":6},"end":{"line":16,"column":20}},"loc":{"start":{"line":16,"column":20},"end":{"line":16,"column":null}},"line":16},"9":{"name":"(anonymous_9)","decl":{"start":{"line":17,"column":6},"end":{"line":17,"column":23}},"loc":{"start":{"line":17,"column":23},"end":{"line":17,"column":null}},"line":17},"10":{"name":"App","decl":{"start":{"line":28,"column":9},"end":{"line":28,"column":15}},"loc":{"start":{"line":28,"column":15},"end":{"line":66,"column":null}},"line":28},"11":{"name":"(anonymous_11)","decl":{"start":{"line":31,"column":2},"end":{"line":31,"column":18}},"loc":{"start":{"line":31,"column":18},"end":{"line":37,"column":5}},"line":31}},"branchMap":{"0":{"loc":{"start":{"line":32,"column":4},"end":{"line":36,"column":null}},"type":"if","locations":[{"start":{"line":32,"column":4},"end":{"line":36,"column":null}},{"start":{"line":34,"column":11},"end":{"line":36,"column":null}}],"line":32}},"s":{"0":0,"1":0,"2":0,"3":0,"4":0,"5":0,"6":0,"7":0,"8":0,"9":0,"10":0,"11":0,"12":0,"13":0,"14":0,"15":0,"16":0,"17":0,"18":0,"19":0,"20":0,"21":0,"22":0},"f":{"0":0,"1":0,"2":0,"3":0,"4":0,"5":0,"6":0,"7":0,"8":0,"9":0,"10":0,"11":0},"b":{"0":[0,0]},"meta":{"lastBranch":1,"lastFunction":12,"lastStatement":23,"seen":{"s:10:6:10:Infinity":0,"f:10:18:10:29":0,"s:10:29:10:Infinity":1,"f:10:62:10:68":1,"s:10:70:10:Infinity":2,"s:11:6:11:Infinity":3,"f:11:20:11:31":2,"s:11:31:11:Infinity":4,"f:11:66:11:72":3,"s:11:74:11:Infinity":5,"s:12:6:12:Infinity":6,"f:12:15:12:26":4,"s:12:26:12:Infinity":7,"f:12:56:12:62":5,"s:12:64:12:Infinity":8,"s:13:6:13:Infinity":9,"f:13:18:13:29":6,"s:13:29:13:Infinity":10,"f:13:62:13:68":7,"s:13:70:13:Infinity":11,"s:16:6:16:Infinity":12,"f:16:6:16:20":8,"s:16:20:16:Infinity":13,"s:17:6:17:Infinity":14,"f:17:6:17:23":9,"s:17:23:17:Infinity":15,"s:19:20:26:Infinity":16,"f:28:9:28:15":10,"s:29:10:29:Infinity":17,"s:31:2:37:Infinity":18,"f:31:2:31:18":11,"b:32:4:36:Infinity:34:11:36:Infinity":0,"s:32:4:36:Infinity":19,"s:33:6:33:Infinity":20,"s:35:6:35:Infinity":21,"s:39:2:64:Infinity":22},"fnNames":{}}}
,"A:\\GITHUB\\AI-Powered-Stateful-Personal-Firewall\\frontend\\src\\api\\client.ts": {"path":"A:\\GITHUB\\AI-Powered-Stateful-Personal-Firewall\\frontend\\src\\api\\client.ts","statementMap":{"0":{"start":{"line":3,"column":25},"end":{"line":9,"column":null}},"1":{"start":{"line":12,"column":0},"end":{"line":19,"column":null}},"2":{"start":{"line":13,"column":16},"end":{"line":13,"column":null}},"3":{"start":{"line":16,"column":4},"end":{"line":16,"column":null}},"4":{"start":{"line":17,"column":4},"end":{"line":17,"column":null}}},"fnMap":{"0":{"name":"(anonymous_0)","decl":{"start":{"line":12,"column":32},"end":{"line":12,"column":null}},"loc":{"start":{"line":13,"column":16},"end":{"line":13,"column":null}},"line":13},"1":{"name":"(anonymous_1)","decl":{"start":{"line":13,"column":16},"end":{"line":13,"column":null}},"loc":{"start":{"line":14,"column":13},"end":{"line":18,"column":null}},"line":14}},"branchMap":{"0":{"loc":{"start":{"line":4,"column":11},"end":{"line":4,"column":null}},"type":"binary-expr","locations":[{"start":{"line":4,"column":11},"end":{"line":4,"column":48}},{"start":{"line":4,"column":48},"end":{"line":4,"column":null}}],"line":4},"1":{"loc":{"start":{"line":7,"column":17},"end":{"line":7,"column":null}},"type":"binary-expr","locations":[{"start":{"line":7,"column":17},"end":{"line":7,"column":49}},{"start":{"line":7,"column":49},"end":{"line":7,"column":null}}],"line":7},"2":{"loc":{"start":{"line":16,"column":32},"end":{"line":16,"column":69}},"type":"binary-expr","locations":[{"start":{"line":16,"column":32},"end":{"line":16,"column":56}},{"start":{"line":16,"column":56},"end":{"line":16,"column":69}}],"line":16}},"s":{"0":2,"1":2,"2":5,"3":1,"4":1},"f":{"0":5,"1":1},"b":{"0":[2,0],"1":[2,0],"2":[1,0]},"meta":{"lastBranch":3,"lastFunction":2,"lastStatement":5,"seen":{"s:3:25:9:Infinity":0,"b:4:11:4:48:4:48:4:Infinity":0,"b:7:17:7:49:7:49:7:Infinity":1,"s:12:0:19:Infinity":1,"f:12:32:12:Infinity":0,"s:13:16:13:Infinity":2,"f:13:16:13:Infinity":1,"s:16:4:16:Infinity":3,"b:16:32:16:56:16:56:16:69":2,"s:17:4:17:Infinity":4},"fnNames":{}}}
,"A:\\GITHUB\\AI-Powered-Stateful-Personal-Firewall\\frontend\\src\\components\\AlertFeed.tsx": {"path":"A:\\GITHUB\\AI-Powered-Stateful-Personal-Firewall\\frontend\\src\\components\\AlertFeed.tsx","statementMap":{"0":{"start":{"line":19,"column":24},"end":{"line":24,"column":null}},"1":{"start":{"line":27,"column":2},"end":{"line":81,"column":null}},"2":{"start":{"line":48,"column":27},"end":{"line":48,"column":null}},"3":{"start":{"line":49,"column":25},"end":{"line":49,"column":null}},"4":{"start":{"line":51,"column":12},"end":{"line":76,"column":null}}},"fnMap":{"0":{"name":"AlertFeed","decl":{"start":{"line":26,"column":16},"end":{"line":26,"column":26}},"loc":{"start":{"line":26,"column":54},"end":{"line":83,"column":null}},"line":26},"1":{"name":"(anonymous_1)","decl":{"start":{"line":47,"column":17},"end":{"line":47,"column":22}},"loc":{"start":{"line":47,"column":39},"end":{"line":78,"column":11}},"line":47}},"branchMap":{"0":{"loc":{"start":{"line":41,"column":9},"end":{"line":78,"column":null}},"type":"cond-expr","locations":[{"start":{"line":42,"column":10},"end":{"line":47,"column":17}},{"start":{"line":47,"column":10},"end":{"line":78,"column":null}}],"line":41},"1":{"loc":{"start":{"line":48,"column":27},"end":{"line":48,"column":null}},"type":"binary-expr","locations":[{"start":{"line":48,"column":27},"end":{"line":48,"column":62}},{"start":{"line":48,"column":62},"end":{"line":48,"column":null}}],"line":48},"2":{"loc":{"start":{"line":53,"column":21},"end":{"line":53,"column":null}},"type":"binary-expr","locations":[{"start":{"line":53,"column":21},"end":{"line":53,"column":33}},{"start":{"line":53,"column":33},"end":{"line":53,"column":null}}],"line":53}},"s":{"0":3,"1":12,"2":5,"3":5,"4":5},"f":{"0":12,"1":5},"b":{"0":[8,4],"1":[5,0],"2":[5,4]},"meta":{"lastBranch":3,"lastFunction":2,"lastStatement":5,"seen":{"s:19:24:24:Infinity":0,"f:26:16:26:26":0,"s:27:2:81:Infinity":1,"b:42:10:47:17:47:10:78:Infinity":0,"f:47:17:47:22":1,"s:48:27:48:Infinity":2,"b:48:27:48:62:48:62:48:Infinity":1,"s:49:25:49:Infinity":3,"s:51:12:76:Infinity":4,"b:53:21:53:33:53:33:53:Infinity":2},"fnNames":{}}}
,"A:\\GITHUB\\AI-Powered-Stateful-Personal-Firewall\\frontend\\src\\components\\DataTable.tsx": {"path":"A:\\GITHUB\\AI-Powered-Stateful-Personal-Firewall\\frontend\\src\\components\\DataTable.tsx","statementMap":{"0":{"start":{"line":26,"column":18},"end":{"line":26,"column":null}},"1":{"start":{"line":27,"column":19},"end":{"line":27,"column":null}},"2":{"start":{"line":28,"column":22},"end":{"line":28,"column":null}},"3":{"start":{"line":30,"column":8},"end":{"line":37,"column":null}},"4":{"start":{"line":31,"column":4},"end":{"line":36,"column":null}},"5":{"start":{"line":32,"column":6},"end":{"line":32,"column":null}},"6":{"start":{"line":34,"column":6},"end":{"line":34,"column":null}},"7":{"start":{"line":35,"column":6},"end":{"line":35,"column":null}},"8":{"start":{"line":39,"column":8},"end":{"line":44,"column":null}},"9":{"start":{"line":40,"column":4},"end":{"line":40,"column":null}},"10":{"start":{"line":41,"column":4},"end":{"line":43,"column":null}},"11":{"start":{"line":42,"column":6},"end":{"line":42,"column":null}},"12":{"start":{"line":47,"column":8},"end":{"line":70,"column":null}},"13":{"start":{"line":48,"column":17},"end":{"line":48,"column":null}},"14":{"start":{"line":50,"column":4},"end":{"line":57,"column":null}},"15":{"start":{"line":51,"column":25},"end":{"line":51,"column":null}},"16":{"start":{"line":52,"column":6},"end":{"line":56,"column":null}},"17":{"start":{"line":53,"column":8},"end":{"line":55,"column":null}},"18":{"start":{"line":54,"column":10},"end":{"line":54,"column":null}},"19":{"start":{"line":59,"column":4},"end":{"line":67,"column":null}},"20":{"start":{"line":60,"column":6},"end":{"line":66,"column":null}},"21":{"start":{"line":61,"column":21},"end":{"line":61,"column":null}},"22":{"start":{"line":62,"column":21},"end":{"line":62,"column":null}},"23":{"start":{"line":63,"column":8},"end":{"line":63,"column":null}},"24":{"start":{"line":63,"column":25},"end":{"line":63,"column":null}},"25":{"start":{"line":64,"column":8},"end":{"line":64,"column":null}},"26":{"start":{"line":64,"column":25},"end":{"line":64,"column":null}},"27":{"start":{"line":65,"column":8},"end":{"line":65,"column":null}},"28":{"start":{"line":69,"column":4},"end":{"line":69,"column":null}},"29":{"start":{"line":72,"column":2},"end":{"line":145,"column":null}},"30":{"start":{"line":94,"column":16},"end":{"line":106,"column":null}},"31":{"start":{"line":98,"column":33},"end":{"line":98,"column":null}},"32":{"start":{"line":128,"column":16},"end":{"line":134,"column":null}},"33":{"start":{"line":130,"column":20},"end":{"line":132,"column":null}}},"fnMap":{"0":{"name":"DataTable","decl":{"start":{"line":19,"column":16},"end":{"line":19,"column":57}},"loc":{"start":{"line":25,"column":22},"end":{"line":147,"column":null}},"line":25},"1":{"name":"(anonymous_1)","decl":{"start":{"line":30,"column":8},"end":{"line":30,"column":22}},"loc":{"start":{"line":30,"column":38},"end":{"line":37,"column":null}},"line":30},"2":{"name":"(anonymous_2)","decl":{"start":{"line":39,"column":8},"end":{"line":39,"column":30}},"loc":{"start":{"line":39,"column":73},"end":{"line":44,"column":null}},"line":39},"3":{"name":"(anonymous_3)","decl":{"start":{"line":47,"column":24},"end":{"line":47,"column":38}},"loc":{"start":{"line":47,"column":38},"end":{"line":70,"column":5}},"line":47},"4":{"name":"(anonymous_4)","decl":{"start":{"line":52,"column":22},"end":{"line":52,"column":29}},"loc":{"start":{"line":53,"column":8},"end":{"line":55,"column":null}},"line":53},"5":{"name":"(anonymous_5)","decl":{"start":{"line":53,"column":28},"end":{"line":53,"column":33}},"loc":{"start":{"line":54,"column":10},"end":{"line":54,"column":null}},"line":54},"6":{"name":"(anonymous_6)","decl":{"start":{"line":60,"column":13},"end":{"line":60,"column":19}},"loc":{"start":{"line":60,"column":28},"end":{"line":66,"column":7}},"line":60},"7":{"name":"(anonymous_7)","decl":{"start":{"line":93,"column":23},"end":{"line":93,"column":28}},"loc":{"start":{"line":94,"column":16},"end":{"line":106,"column":null}},"line":94},"8":{"name":"(anonymous_8)","decl":{"start":{"line":98,"column":18},"end":{"line":98,"column":33}},"loc":{"start":{"line":98,"column":33},"end":{"line":98,"column":null}},"line":98},"9":{"name":"(anonymous_9)","decl":{"start":{"line":127,"column":28},"end":{"line":127,"column":33}},"loc":{"start":{"line":128,"column":16},"end":{"line":134,"column":null}},"line":128},"10":{"name":"(anonymous_10)","decl":{"start":{"line":129,"column":27},"end":{"line":129,"column":32}},"loc":{"start":{"line":130,"column":20},"end":{"line":132,"column":null}},"line":130}},"branchMap":{"0":{"loc":{"start":{"line":22,"column":2},"end":{"line":22,"column":null}},"type":"default-arg","locations":[{"start":{"line":22,"column":22},"end":{"line":22,"column":null}}],"line":22},"1":{"loc":{"start":{"line":31,"column":4},"end":{"line":36,"column":null}},"type":"if","locations":[{"start":{"line":31,"column":4},"end":{"line":36,"column":null}},{"start":{"line":33,"column":11},"end":{"line":36,"column":null}}],"line":31},"2":{"loc":{"start":{"line":41,"column":4},"end":{"line":43,"column":null}},"type":"if","locations":[{"start":{"line":41,"column":4},"end":{"line":43,"column":null}},{"start":{},"end":{}}],"line":41},"3":{"loc":{"start":{"line":50,"column":4},"end":{"line":57,"column":null}},"type":"if","locations":[{"start":{"line":50,"column":4},"end":{"line":57,"column":null}},{"start":{},"end":{}}],"line":50},"4":{"loc":{"start":{"line":50,"column":8},"end":{"line":50,"column":34}},"type":"binary-expr","locations":[{"start":{"line":50,"column":8},"end":{"line":50,"column":21}},{"start":{"line":50,"column":21},"end":{"line":50,"column":34}}],"line":50},"5":{"loc":{"start":{"line":59,"column":4},"end":{"line":67,"column":null}},"type":"if","locations":[{"start":{"line":59,"column":4},"end":{"line":67,"column":null}},{"start":{},"end":{}}],"line":59},"6":{"loc":{"start":{"line":63,"column":8},"end":{"line":63,"column":null}},"type":"if","locations":[{"start":{"line":63,"column":8},"end":{"line":63,"column":null}},{"start":{},"end":{}}],"line":63},"7":{"loc":{"start":{"line":63,"column":32},"end":{"line":63,"column":null}},"type":"cond-expr","locations":[{"start":{"line":63,"column":43},"end":{"line":63,"column":47}},{"start":{"line":63,"column":47},"end":{"line":63,"column":null}}],"line":63},"8":{"loc":{"start":{"line":64,"column":8},"end":{"line":64,"column":null}},"type":"if","locations":[{"start":{"line":64,"column":8},"end":{"line":64,"column":null}},{"start":{},"end":{}}],"line":64},"9":{"loc":{"start":{"line":64,"column":32},"end":{"line":64,"column":null}},"type":"cond-expr","locations":[{"start":{"line":64,"column":43},"end":{"line":64,"column":48}},{"start":{"line":64,"column":48},"end":{"line":64,"column":null}}],"line":64},"10":{"loc":{"start":{"line":97,"column":112},"end":{"line":97,"column":null}},"type":"cond-expr","locations":[{"start":{"line":97,"column":127},"end":{"line":97,"column":168}},{"start":{"line":97,"column":168},"end":{"line":97,"column":null}}],"line":97},"11":{"loc":{"start":{"line":98,"column":33},"end":{"line":98,"column":null}},"type":"binary-expr","locations":[{"start":{"line":98,"column":33},"end":{"line":98,"column":49}},{"start":{"line":98,"column":49},"end":{"line":98,"column":null}}],"line":98},"12":{"loc":{"start":{"line":102,"column":21},"end":{"line":105,"column":null}},"type":"binary-expr","locations":[{"start":{"line":102,"column":21},"end":{"line":102,"column":37}},{"start":{"line":102,"column":37},"end":{"line":102,"column":null}},{"start":{"line":103,"column":22},"end":{"line":105,"column":null}}],"line":102},"13":{"loc":{"start":{"line":103,"column":22},"end":{"line":105,"column":null}},"type":"cond-expr","locations":[{"start":{"line":103,"column":33},"end":{"line":103,"column":85}},{"start":{"line":103,"column":84},"end":{"line":105,"column":null}}],"line":103},"14":{"loc":{"start":{"line":111,"column":13},"end":{"line":135,"column":null}},"type":"cond-expr","locations":[{"start":{"line":112,"column":14},"end":{"line":120,"column":30}},{"start":{"line":120,"column":16},"end":{"line":135,"column":null}}],"line":111},"15":{"loc":{"start":{"line":120,"column":16},"end":{"line":135,"column":null}},"type":"cond-expr","locations":[{"start":{"line":121,"column":14},"end":{"line":127,"column":28}},{"start":{"line":127,"column":14},"end":{"line":135,"column":null}}],"line":120},"16":{"loc":{"start":{"line":131,"column":23},"end":{"line":131,"column":null}},"type":"cond-expr","locations":[{"start":{"line":131,"column":36},"end":{"line":131,"column":54}},{"start":{"line":131,"column":54},"end":{"line":131,"column":null}}],"line":131}},"s":{"0":15,"1":15,"2":15,"3":15,"4":2,"5":1,"6":1,"7":1,"8":15,"9":4,"10":4,"11":0,"12":15,"13":15,"14":15,"15":4,"16":4,"17":12,"18":20,"19":15,"20":2,"21":4,"22":4,"23":4,"24":0,"25":4,"26":4,"27":0,"28":15,"29":15,"30":50,"31":2,"32":21,"33":52},"f":{"0":15,"1":2,"2":4,"3":15,"4":12,"5":20,"6":4,"7":50,"8":2,"9":21,"10":52},"b":{"0":[15],"1":[1,1],"2":[0,4],"3":[4,11],"4":[15,15],"5":[2,13],"6":[0,4],"7":[0,0],"8":[4,0],"9":[2,2],"10":[37,13],"11":[2,2],"12":[50,37,2],"13":[1,1],"14":[3,12],"15":[1,11],"16":[10,42]},"meta":{"lastBranch":17,"lastFunction":11,"lastStatement":34,"seen":{"f:19:16:19:57":0,"b:22:22:22:Infinity":0,"s:26:18:26:Infinity":0,"s:27:19:27:Infinity":1,"s:28:22:28:Infinity":2,"s:30:8:37:Infinity":3,"f:30:8:30:22":1,"b:31:4:36:Infinity:33:11:36:Infinity":1,"s:31:4:36:Infinity":4,"s:32:6:32:Infinity":5,"s:34:6:34:Infinity":6,"s:35:6:35:Infinity":7,"s:39:8:44:Infinity":8,"f:39:8:39:30":2,"s:40:4:40:Infinity":9,"b:41:4:43:Infinity:undefined:undefined:undefined:undefined":2,"s:41:4:43:Infinity":10,"s:42:6:42:Infinity":11,"s:47:8:70:Infinity":12,"f:47:24:47:38":3,"s:48:17:48:Infinity":13,"b:50:4:57:Infinity:undefined:undefined:undefined:undefined":3,"s:50:4:57:Infinity":14,"b:50:8:50:21:50:21:50:34":4,"s:51:25:51:Infinity":15,"s:52:6:56:Infinity":16,"f:52:22:52:29":4,"s:53:8:55:Infinity":17,"f:53:28:53:33":5,"s:54:10:54:Infinity":18,"b:59:4:67:Infinity:undefined:undefined:undefined:undefined":5,"s:59:4:67:Infinity":19,"s:60:6:66:Infinity":20,"f:60:13:60:19":6,"s:61:21:61:Infinity":21,"s:62:21:62:Infinity":22,"b:63:8:63:Infinity:undefined:undefined:undefined:undefined":6,"s:63:8:63:Infinity":23,"s:63:25:63:Infinity":24,"b:63:43:63:47:63:47:63:Infinity":7,"b:64:8:64:Infinity:undefined:undefined:undefined:undefined":8,"s:64:8:64:Infinity":25,"s:64:25:64:Infinity":26,"b:64:43:64:48:64:48:64:Infinity":9,"s:65:8:65:Infinity":27,"s:69:4:69:Infinity":28,"s:72:2:145:Infinity":29,"f:93:23:93:28":7,"s:94:16:106:Infinity":30,"b:97:127:97:168:97:168:97:Infinity":10,"f:98:18:98:33":8,"s:98:33:98:Infinity":31,"b:98:33:98:49:98:49:98:Infinity":11,"b:102:21:102:37:102:37:102:Infinity:103:22:105:Infinity":12,"b:103:33:103:85:103:84:105:Infinity":13,"b:112:14:120:30:120:16:135:Infinity":14,"b:121:14:127:28:127:14:135:Infinity":15,"f:127:28:127:33":9,"s:128:16:134:Infinity":32,"f:129:27:129:32":10,"s:130:20:132:Infinity":33,"b:131:36:131:54:131:54:131:Infinity":16},"fnNames":{}}}
,"A:\\GITHUB\\AI-Powered-Stateful-Personal-Firewall\\frontend\\src\\components\\GlobalErrorBoundary.tsx": {"path":"A:\\GITHUB\\AI-Powered-Stateful-Personal-Firewall\\frontend\\src\\components\\GlobalErrorBoundary.tsx","statementMap":{"0":{"start":{"line":5,"column":2},"end":{"line":22,"column":null}},"1":{"start":{"line":27,"column":2},"end":{"line":30,"column":null}}},"fnMap":{"0":{"name":"ErrorFallback","decl":{"start":{"line":4,"column":9},"end":{"line":4,"column":23}},"loc":{"start":{"line":4,"column":59},"end":{"line":24,"column":null}},"line":4},"1":{"name":"GlobalErrorBoundary","decl":{"start":{"line":26,"column":16},"end":{"line":26,"column":36}},"loc":{"start":{"line":26,"column":81},"end":{"line":32,"column":null}},"line":26}},"branchMap":{},"s":{"0":0,"1":0},"f":{"0":0,"1":0},"b":{},"meta":{"lastBranch":0,"lastFunction":2,"lastStatement":2,"seen":{"f:4:9:4:23":0,"s:5:2:22:Infinity":0,"f:26:16:26:36":1,"s:27:2:30:Infinity":1},"fnNames":{}}}
,"A:\\GITHUB\\AI-Powered-Stateful-Personal-Firewall\\frontend\\src\\components\\LoadingSpinner.tsx": {"path":"A:\\GITHUB\\AI-Powered-Stateful-Personal-Firewall\\frontend\\src\\components\\LoadingSpinner.tsx","statementMap":{"0":{"start":{"line":4,"column":2},"end":{"line":13,"column":null}}},"fnMap":{"0":{"name":"LoadingSpinner","decl":{"start":{"line":3,"column":16},"end":{"line":3,"column":33}},"loc":{"start":{"line":3,"column":33},"end":{"line":15,"column":null}},"line":3}},"branchMap":{},"s":{"0":1},"f":{"0":1},"b":{},"meta":{"lastBranch":0,"lastFunction":1,"lastStatement":1,"seen":{"f:3:16:3:33":0,"s:4:2:13:Infinity":0},"fnNames":{}}}
,"A:\\GITHUB\\AI-Powered-Stateful-Personal-Firewall\\frontend\\src\\components\\ProtocolChart.tsx": {"path":"A:\\GITHUB\\AI-Powered-Stateful-Personal-Firewall\\frontend\\src\\components\\ProtocolChart.tsx","statementMap":{"0":{"start":{"line":7,"column":15},"end":{"line":7,"column":null}},"1":{"start":{"line":10,"column":2},"end":{"line":17,"column":null}},"2":{"start":{"line":11,"column":4},"end":{"line":15,"column":null}},"3":{"start":{"line":20,"column":20},"end":{"line":22,"column":null}},"4":{"start":{"line":21,"column":29},"end":{"line":21,"column":65}},"5":{"start":{"line":22,"column":20},"end":{"line":22,"column":37}},"6":{"start":{"line":24,"column":2},"end":{"line":52,"column":null}},"7":{"start":{"line":41,"column":16},"end":{"line":41,"column":null}}},"fnMap":{"0":{"name":"ProtocolChart","decl":{"start":{"line":9,"column":16},"end":{"line":9,"column":30}},"loc":{"start":{"line":9,"column":60},"end":{"line":54,"column":null}},"line":9},"1":{"name":"(anonymous_1)","decl":{"start":{"line":21,"column":5},"end":{"line":21,"column":10}},"loc":{"start":{"line":21,"column":29},"end":{"line":21,"column":65}},"line":21},"2":{"name":"(anonymous_2)","decl":{"start":{"line":22,"column":5},"end":{"line":22,"column":11}},"loc":{"start":{"line":22,"column":20},"end":{"line":22,"column":37}},"line":22},"3":{"name":"(anonymous_3)","decl":{"start":{"line":40,"column":25},"end":{"line":40,"column":30}},"loc":{"start":{"line":41,"column":16},"end":{"line":41,"column":null}},"line":41}},"branchMap":{"0":{"loc":{"start":{"line":10,"column":2},"end":{"line":17,"column":null}},"type":"if","locations":[{"start":{"line":10,"column":2},"end":{"line":17,"column":null}},{"start":{},"end":{}}],"line":10},"1":{"loc":{"start":{"line":10,"column":6},"end":{"line":10,"column":47}},"type":"binary-expr","locations":[{"start":{"line":10,"column":6},"end":{"line":10,"column":15}},{"start":{"line":10,"column":15},"end":{"line":10,"column":47}}],"line":10}},"s":{"0":2,"1":9,"2":4,"3":5,"4":14,"5":9,"6":5,"7":14},"f":{"0":9,"1":14,"2":9,"3":14},"b":{"0":[4,5],"1":[9,9]},"meta":{"lastBranch":2,"lastFunction":4,"lastStatement":8,"seen":{"s:7:15:7:Infinity":0,"f:9:16:9:30":0,"b:10:2:17:Infinity:undefined:undefined:undefined:undefined":0,"s:10:2:17:Infinity":1,"b:10:6:10:15:10:15:10:47":1,"s:11:4:15:Infinity":2,"s:20:20:22:Infinity":3,"f:21:5:21:10":1,"s:21:29:21:65":4,"f:22:5:22:11":2,"s:22:20:22:37":5,"s:24:2:52:Infinity":6,"f:40:25:40:30":3,"s:41:16:41:Infinity":7},"fnNames":{}}}
,"A:\\GITHUB\\AI-Powered-Stateful-Personal-Firewall\\frontend\\src\\components\\StatCard.tsx": {"path":"A:\\GITHUB\\AI-Powered-Stateful-Personal-Firewall\\frontend\\src\\components\\StatCard.tsx","statementMap":{"0":{"start":{"line":12,"column":2},"end":{"line":28,"column":null}}},"fnMap":{"0":{"name":"StatCard","decl":{"start":{"line":11,"column":16},"end":{"line":11,"column":25}},"loc":{"start":{"line":11,"column":80},"end":{"line":30,"column":null}},"line":11}},"branchMap":{"0":{"loc":{"start":{"line":16,"column":9},"end":{"line":17,"column":null}},"type":"binary-expr","locations":[{"start":{"line":16,"column":9},"end":{"line":16,"column":17}},{"start":{"line":16,"column":17},"end":{"line":17,"column":null}}],"line":16},"1":{"loc":{"start":{"line":20,"column":9},"end":{"line":25,"column":null}},"type":"binary-expr","locations":[{"start":{"line":20,"column":9},"end":{"line":20,"column":null}},{"start":{"line":21,"column":10},"end":{"line":25,"column":null}}],"line":20},"2":{"loc":{"start":{"line":21,"column":50},"end":{"line":21,"column":null}},"type":"cond-expr","locations":[{"start":{"line":21,"column":60},"end":{"line":21,"column":77}},{"start":{"line":21,"column":77},"end":{"line":21,"column":null}}],"line":21}},"s":{"0":33},"f":{"0":33},"b":{"0":[33,28],"1":[33,9],"2":[1,8]},"meta":{"lastBranch":3,"lastFunction":1,"lastStatement":1,"seen":{"f:11:16:11:25":0,"s:12:2:28:Infinity":0,"b:16:9:16:17:16:17:17:Infinity":0,"b:20:9:20:Infinity:21:10:25:Infinity":1,"b:21:60:21:77:21:77:21:Infinity":2},"fnNames":{}}}
,"A:\\GITHUB\\AI-Powered-Stateful-Personal-Firewall\\frontend\\src\\hooks\\useWebSocket.ts": {"path":"A:\\GITHUB\\AI-Powered-Stateful-Personal-Firewall\\frontend\\src\\hooks\\useWebSocket.ts","statementMap":{"0":{"start":{"line":10,"column":22},"end":{"line":10,"column":null}},"1":{"start":{"line":11,"column":22},"end":{"line":11,"column":null}},"2":{"start":{"line":12,"column":8},"end":{"line":12,"column":null}},"3":{"start":{"line":13,"column":8},"end":{"line":13,"column":null}},"4":{"start":{"line":14,"column":8},"end":{"line":14,"column":null}},"5":{"start":{"line":15,"column":28},"end":{"line":15,"column":null}},"6":{"start":{"line":17,"column":8},"end":{"line":73,"column":null}},"7":{"start":{"line":18,"column":4},"end":{"line":18,"column":null}},"8":{"start":{"line":18,"column":51},"end":{"line":18,"column":null}},"9":{"start":{"line":20,"column":18},"end":{"line":20,"column":null}},"10":{"start":{"line":21,"column":19},"end":{"line":21,"column":null}},"11":{"start":{"line":22,"column":24},"end":{"line":22,"column":null}},"12":{"start":{"line":24,"column":4},"end":{"line":24,"column":null}},"13":{"start":{"line":26,"column":4},"end":{"line":39,"column":null}},"14":{"start":{"line":27,"column":6},"end":{"line":27,"column":null}},"15":{"start":{"line":28,"column":6},"end":{"line":28,"column":null}},"16":{"start":{"line":29,"column":6},"end":{"line":31,"column":null}},"17":{"start":{"line":30,"column":8},"end":{"line":30,"column":null}},"18":{"start":{"line":34,"column":6},"end":{"line":38,"column":null}},"19":{"start":{"line":35,"column":8},"end":{"line":37,"column":null}},"20":{"start":{"line":36,"column":10},"end":{"line":36,"column":null}},"21":{"start":{"line":41,"column":4},"end":{"line":55,"column":null}},"22":{"start":{"line":42,"column":6},"end":{"line":42,"column":null}},"23":{"start":{"line":42,"column":33},"end":{"line":42,"column":null}},"24":{"start":{"line":44,"column":6},"end":{"line":54,"column":null}},"25":{"start":{"line":45,"column":38},"end":{"line":45,"column":null}},"26":{"start":{"line":46,"column":8},"end":{"line":46,"column":null}},"27":{"start":{"line":49,"column":8},"end":{"line":51,"column":null}},"28":{"start":{"line":50,"column":11},"end":{"line":50,"column":null}},"29":{"start":{"line":53,"column":8},"end":{"line":53,"column":null}},"30":{"start":{"line":57,"column":4},"end":{"line":67,"column":null}},"31":{"start":{"line":58,"column":6},"end":{"line":58,"column":null}},"32":{"start":{"line":59,"column":6},"end":{"line":59,"column":null}},"33":{"start":{"line":59,"column":37},"end":{"line":59,"column":null}},"34":{"start":{"line":62,"column":22},"end":{"line":62,"column":null}},"35":{"start":{"line":63,"column":6},"end":{"line":66,"column":null}},"36":{"start":{"line":64,"column":8},"end":{"line":64,"column":null}},"37":{"start":{"line":64,"column":37},"end":{"line":64,"column":45}},"38":{"start":{"line":65,"column":8},"end":{"line":65,"column":null}},"39":{"start":{"line":69,"column":4},"end":{"line":72,"column":null}},"40":{"start":{"line":70,"column":6},"end":{"line":70,"column":null}},"41":{"start":{"line":71,"column":6},"end":{"line":71,"column":null}},"42":{"start":{"line":75,"column":2},"end":{"line":84,"column":null}},"43":{"start":{"line":76,"column":4},"end":{"line":76,"column":null}},"44":{"start":{"line":77,"column":4},"end":{"line":83,"column":null}},"45":{"start":{"line":78,"column":6},"end":{"line":78,"column":null}},"46":{"start":{"line":78,"column":36},"end":{"line":78,"column":null}},"47":{"start":{"line":79,"column":6},"end":{"line":79,"column":null}},"48":{"start":{"line":79,"column":37},"end":{"line":79,"column":null}},"49":{"start":{"line":80,"column":6},"end":{"line":82,"column":null}},"50":{"start":{"line":81,"column":8},"end":{"line":81,"column":null}},"51":{"start":{"line":86,"column":2},"end":{"line":86,"column":null}}},"fnMap":{"0":{"name":"useWebSocket","decl":{"start":{"line":9,"column":16},"end":{"line":9,"column":31}},"loc":{"start":{"line":9,"column":31},"end":{"line":87,"column":null}},"line":9},"1":{"name":"(anonymous_1)","decl":{"start":{"line":17,"column":18},"end":{"line":17,"column":36}},"loc":{"start":{"line":17,"column":36},"end":{"line":73,"column":5}},"line":17},"2":{"name":"(anonymous_2)","decl":{"start":{"line":26,"column":15},"end":{"line":26,"column":30}},"loc":{"start":{"line":26,"column":30},"end":{"line":39,"column":null}},"line":26},"3":{"name":"(anonymous_3)","decl":{"start":{"line":34,"column":34},"end":{"line":34,"column":52}},"loc":{"start":{"line":34,"column":52},"end":{"line":38,"column":9}},"line":34},"4":{"name":"(anonymous_4)","decl":{"start":{"line":41,"column":15},"end":{"line":41,"column":28}},"loc":{"start":{"line":41,"column":38},"end":{"line":55,"column":null}},"line":41},"5":{"name":"(anonymous_5)","decl":{"start":{"line":57,"column":15},"end":{"line":57,"column":31}},"loc":{"start":{"line":57,"column":31},"end":{"line":67,"column":null}},"line":57},"6":{"name":"(anonymous_6)","decl":{"start":{"line":63,"column":33},"end":{"line":63,"column":50}},"loc":{"start":{"line":63,"column":50},"end":{"line":66,"column":9}},"line":63},"7":{"name":"(anonymous_7)","decl":{"start":{"line":64,"column":8},"end":{"line":64,"column":29}},"loc":{"start":{"line":64,"column":37},"end":{"line":64,"column":45}},"line":64},"8":{"name":"(anonymous_8)","decl":{"start":{"line":69,"column":15},"end":{"line":69,"column":26}},"loc":{"start":{"line":69,"column":36},"end":{"line":72,"column":null}},"line":69},"9":{"name":"(anonymous_9)","decl":{"start":{"line":75,"column":2},"end":{"line":75,"column":18}},"loc":{"start":{"line":75,"column":18},"end":{"line":84,"column":5}},"line":75},"10":{"name":"(anonymous_10)","decl":{"start":{"line":77,"column":4},"end":{"line":77,"column":17}},"loc":{"start":{"line":77,"column":17},"end":{"line":83,"column":null}},"line":77}},"branchMap":{"0":{"loc":{"start":{"line":18,"column":4},"end":{"line":18,"column":null}},"type":"if","locations":[{"start":{"line":18,"column":4},"end":{"line":18,"column":null}},{"start":{},"end":{}}],"line":18},"1":{"loc":{"start":{"line":20,"column":18},"end":{"line":20,"column":null}},"type":"binary-expr","locations":[{"start":{"line":20,"column":18},"end":{"line":20,"column":49}},{"start":{"line":20,"column":49},"end":{"line":20,"column":null}}],"line":20},"2":{"loc":{"start":{"line":21,"column":19},"end":{"line":21,"column":null}},"type":"binary-expr","locations":[{"start":{"line":21,"column":19},"end":{"line":21,"column":51}},{"start":{"line":21,"column":51},"end":{"line":21,"column":null}}],"line":21},"3":{"loc":{"start":{"line":29,"column":6},"end":{"line":31,"column":null}},"type":"if","locations":[{"start":{"line":29,"column":6},"end":{"line":31,"column":null}},{"start":{},"end":{}}],"line":29},"4":{"loc":{"start":{"line":35,"column":8},"end":{"line":37,"column":null}},"type":"if","locations":[{"start":{"line":35,"column":8},"end":{"line":37,"column":null}},{"start":{},"end":{}}],"line":35},"5":{"loc":{"start":{"line":42,"column":6},"end":{"line":42,"column":null}},"type":"if","locations":[{"start":{"line":42,"column":6},"end":{"line":42,"column":null}},{"start":{},"end":{}}],"line":42},"6":{"loc":{"start":{"line":49,"column":8},"end":{"line":51,"column":null}},"type":"if","locations":[{"start":{"line":49,"column":8},"end":{"line":51,"column":null}},{"start":{},"end":{}}],"line":49},"7":{"loc":{"start":{"line":49,"column":12},"end":{"line":49,"column":87}},"type":"binary-expr","locations":[{"start":{"line":49,"column":12},"end":{"line":49,"column":37}},{"start":{"line":49,"column":37},"end":{"line":49,"column":87}}],"line":49},"8":{"loc":{"start":{"line":59,"column":6},"end":{"line":59,"column":null}},"type":"if","locations":[{"start":{"line":59,"column":6},"end":{"line":59,"column":null}},{"start":{},"end":{}}],"line":59},"9":{"loc":{"start":{"line":78,"column":6},"end":{"line":78,"column":null}},"type":"if","locations":[{"start":{"line":78,"column":6},"end":{"line":78,"column":null}},{"start":{},"end":{}}],"line":78},"10":{"loc":{"start":{"line":79,"column":6},"end":{"line":79,"column":null}},"type":"if","locations":[{"start":{"line":79,"column":6},"end":{"line":79,"column":null}},{"start":{},"end":{}}],"line":79},"11":{"loc":{"start":{"line":80,"column":6},"end":{"line":82,"column":null}},"type":"if","locations":[{"start":{"line":80,"column":6},"end":{"line":82,"column":null}},{"start":{},"end":{}}],"line":80}},"s":{"0":4,"1":4,"2":4,"3":4,"4":4,"5":4,"6":4,"7":2,"8":0,"9":2,"10":2,"11":2,"12":2,"13":2,"14":1,"15":1,"16":1,"17":0,"18":1,"19":0,"20":0,"21":2,"22":1,"23":0,"24":1,"25":1,"26":1,"27":1,"28":0,"29":0,"30":2,"31":1,"32":1,"33":0,"34":1,"35":1,"36":0,"37":0,"38":0,"39":2,"40":1,"41":1,"42":4,"43":2,"44":2,"45":2,"46":0,"47":2,"48":1,"49":2,"50":2,"51":4},"f":{"0":4,"1":2,"2":1,"3":0,"4":1,"5":1,"6":0,"7":0,"8":1,"9":2,"10":2},"b":{"0":[0,2],"1":[2,0],"2":[2,0],"3":[0,1],"4":[0,0],"5":[0,1],"6":[0,1],"7":[1,1],"8":[0,1],"9":[0,2],"10":[1,1],"11":[2,0]},"meta":{"lastBranch":12,"lastFunction":11,"lastStatement":52,"seen":{"f:9:16:9:31":0,"s:10:22:10:Infinity":0,"s:11:22:11:Infinity":1,"s:12:8:12:Infinity":2,"s:13:8:13:Infinity":3,"s:14:8:14:Infinity":4,"s:15:28:15:Infinity":5,"s:17:8:73:Infinity":6,"f:17:18:17:36":1,"b:18:4:18:Infinity:undefined:undefined:undefined:undefined":0,"s:18:4:18:Infinity":7,"s:18:51:18:Infinity":8,"s:20:18:20:Infinity":9,"b:20:18:20:49:20:49:20:Infinity":1,"s:21:19:21:Infinity":10,"b:21:19:21:51:21:51:21:Infinity":2,"s:22:24:22:Infinity":11,"s:24:4:24:Infinity":12,"s:26:4:39:Infinity":13,"f:26:15:26:30":2,"s:27:6:27:Infinity":14,"s:28:6:28:Infinity":15,"b:29:6:31:Infinity:undefined:undefined:undefined:undefined":3,"s:29:6:31:Infinity":16,"s:30:8:30:Infinity":17,"s:34:6:38:Infinity":18,"f:34:34:34:52":3,"b:35:8:37:Infinity:undefined:undefined:undefined:undefined":4,"s:35:8:37:Infinity":19,"s:36:10:36:Infinity":20,"s:41:4:55:Infinity":21,"f:41:15:41:28":4,"b:42:6:42:Infinity:undefined:undefined:undefined:undefined":5,"s:42:6:42:Infinity":22,"s:42:33:42:Infinity":23,"s:44:6:54:Infinity":24,"s:45:38:45:Infinity":25,"s:46:8:46:Infinity":26,"b:49:8:51:Infinity:undefined:undefined:undefined:undefined":6,"s:49:8:51:Infinity":27,"b:49:12:49:37:49:37:49:87":7,"s:50:11:50:Infinity":28,"s:53:8:53:Infinity":29,"s:57:4:67:Infinity":30,"f:57:15:57:31":5,"s:58:6:58:Infinity":31,"b:59:6:59:Infinity:undefined:undefined:undefined:undefined":8,"s:59:6:59:Infinity":32,"s:59:37:59:Infinity":33,"s:62:22:62:Infinity":34,"s:63:6:66:Infinity":35,"f:63:33:63:50":6,"s:64:8:64:Infinity":36,"f:64:8:64:29":7,"s:64:37:64:45":37,"s:65:8:65:Infinity":38,"s:69:4:72:Infinity":39,"f:69:15:69:26":8,"s:70:6:70:Infinity":40,"s:71:6:71:Infinity":41,"s:75:2:84:Infinity":42,"f:75:2:75:18":9,"s:76:4:76:Infinity":43,"s:77:4:83:Infinity":44,"f:77:4:77:17":10,"b:78:6:78:Infinity:undefined:undefined:undefined:undefined":9,"s:78:6:78:Infinity":45,"s:78:36:78:Infinity":46,"b:79:6:79:Infinity:undefined:undefined:undefined:undefined":10,"s:79:6:79:Infinity":47,"s:79:37:79:Infinity":48,"b:80:6:82:Infinity:undefined:undefined:undefined:undefined":11,"s:80:6:82:Infinity":49,"s:81:8:81:Infinity":50,"s:86:2:86:Infinity":51},"fnNames":{}}}
,"A:\\GITHUB\\AI-Powered-Stateful-Personal-Firewall\\frontend\\src\\layouts\\DashboardLayout.tsx": {"path":"A:\\GITHUB\\AI-Powered-Stateful-Personal-Firewall\\frontend\\src\\layouts\\DashboardLayout.tsx","statementMap":{"0":{"start":{"line":7,"column":19},"end":{"line":15,"column":null}},"1":{"start":{"line":18,"column":23},"end":{"line":18,"column":null}},"2":{"start":{"line":19,"column":18},"end":{"line":19,"column":null}},"3":{"start":{"line":20,"column":10},"end":{"line":20,"column":null}},"4":{"start":{"line":22,"column":2},"end":{"line":93,"column":null}},"5":{"start":{"line":37,"column":14},"end":{"line":52,"column":null}},"6":{"start":{"line":41,"column":20},"end":{"line":44,"column":null}}},"fnMap":{"0":{"name":"DashboardLayout","decl":{"start":{"line":17,"column":16},"end":{"line":17,"column":34}},"loc":{"start":{"line":17,"column":34},"end":{"line":95,"column":null}},"line":17},"1":{"name":"(anonymous_1)","decl":{"start":{"line":36,"column":24},"end":{"line":36,"column":29}},"loc":{"start":{"line":37,"column":14},"end":{"line":52,"column":null}},"line":37},"2":{"name":"(anonymous_2)","decl":{"start":{"line":40,"column":18},"end":{"line":40,"column":30}},"loc":{"start":{"line":41,"column":20},"end":{"line":44,"column":null}},"line":41}},"branchMap":{"0":{"loc":{"start":{"line":26,"column":22},"end":{"line":26,"column":52}},"type":"cond-expr","locations":[{"start":{"line":26,"column":36},"end":{"line":26,"column":45}},{"start":{"line":26,"column":45},"end":{"line":26,"column":52}}],"line":26},"1":{"loc":{"start":{"line":31,"column":11},"end":{"line":32,"column":null}},"type":"binary-expr","locations":[{"start":{"line":31,"column":11},"end":{"line":31,"column":26}},{"start":{"line":31,"column":26},"end":{"line":32,"column":null}}],"line":31},"2":{"loc":{"start":{"line":42,"column":22},"end":{"line":44,"column":null}},"type":"cond-expr","locations":[{"start":{"line":43,"column":26},"end":{"line":43,"column":null}},{"start":{"line":44,"column":26},"end":{"line":44,"column":null}}],"line":42},"3":{"loc":{"start":{"line":47,"column":25},"end":{"line":47,"column":null}},"type":"cond-expr","locations":[{"start":{"line":47,"column":40},"end":{"line":47,"column":52}},{"start":{"line":47,"column":52},"end":{"line":47,"column":null}}],"line":47},"4":{"loc":{"start":{"line":50,"column":19},"end":{"line":51,"column":null}},"type":"binary-expr","locations":[{"start":{"line":50,"column":19},"end":{"line":50,"column":34}},{"start":{"line":50,"column":34},"end":{"line":51,"column":null}}],"line":50},"5":{"loc":{"start":{"line":74,"column":15},"end":{"line":74,"column":null}},"type":"cond-expr","locations":[{"start":{"line":74,"column":24},"end":{"line":74,"column":55}},{"start":{"line":74,"column":54},"end":{"line":74,"column":null}}],"line":74},"6":{"loc":{"start":{"line":79,"column":19},"end":{"line":80,"column":19}},"type":"binary-expr","locations":[{"start":{"line":79,"column":19},"end":{"line":79,"column":34}},{"start":{"line":79,"column":34},"end":{"line":80,"column":19}}],"line":79},"7":{"loc":{"start":{"line":80,"column":80},"end":{"line":80,"column":130}},"type":"cond-expr","locations":[{"start":{"line":80,"column":94},"end":{"line":80,"column":109}},{"start":{"line":80,"column":109},"end":{"line":80,"column":130}}],"line":80},"8":{"loc":{"start":{"line":83,"column":19},"end":{"line":83,"column":null}},"type":"cond-expr","locations":[{"start":{"line":83,"column":33},"end":{"line":83,"column":44}},{"start":{"line":83,"column":44},"end":{"line":83,"column":null}}],"line":83}},"s":{"0":1,"1":1,"2":1,"3":1,"4":1,"5":7,"6":7},"f":{"0":1,"1":7,"2":7},"b":{"0":[1,0],"1":[1,1],"2":[1,6],"3":[0,7],"4":[7,7],"5":[1,0],"6":[1,0],"7":[0,1],"8":[0,1]},"meta":{"lastBranch":9,"lastFunction":3,"lastStatement":7,"seen":{"s:7:19:15:Infinity":0,"f:17:16:17:34":0,"s:18:23:18:Infinity":1,"s:19:18:19:Infinity":2,"s:20:10:20:Infinity":3,"s:22:2:93:Infinity":4,"b:26:36:26:45:26:45:26:52":0,"b:31:11:31:26:31:26:32:Infinity":1,"f:36:24:36:29":1,"s:37:14:52:Infinity":5,"f:40:18:40:30":2,"s:41:20:44:Infinity":6,"b:43:26:43:Infinity:44:26:44:Infinity":2,"b:47:40:47:52:47:52:47:Infinity":3,"b:50:19:50:34:50:34:51:Infinity":4,"b:74:24:74:55:74:54:74:Infinity":5,"b:79:19:79:34:79:34:80:19":6,"b:80:94:80:109:80:109:80:130":7,"b:83:33:83:44:83:44:83:Infinity":8},"fnNames":{}}}
,"A:\\GITHUB\\AI-Powered-Stateful-Personal-Firewall\\frontend\\src\\pages\\Alerts.tsx": {"path":"A:\\GITHUB\\AI-Powered-Stateful-Personal-Firewall\\frontend\\src\\pages\\Alerts.tsx","statementMap":{"0":{"start":{"line":9,"column":25},"end":{"line":9,"column":null}},"1":{"start":{"line":11,"column":26},"end":{"line":20,"column":null}},"2":{"start":{"line":14,"column":21},"end":{"line":14,"column":null}},"3":{"start":{"line":15,"column":6},"end":{"line":15,"column":null}},"4":{"start":{"line":16,"column":6},"end":{"line":16,"column":null}},"5":{"start":{"line":16,"column":26},"end":{"line":16,"column":null}},"6":{"start":{"line":17,"column":6},"end":{"line":17,"column":null}},"7":{"start":{"line":17,"column":71},"end":{"line":17,"column":79}},"8":{"start":{"line":22,"column":30},"end":{"line":22,"column":null}},"9":{"start":{"line":24,"column":39},"end":{"line":64,"column":null}},"10":{"start":{"line":29,"column":15},"end":{"line":29,"column":null}},"11":{"start":{"line":36,"column":23},"end":{"line":41,"column":null}},"12":{"start":{"line":42,"column":27},"end":{"line":42,"column":null}},"13":{"start":{"line":43,"column":8},"end":{"line":46,"column":null}},"14":{"start":{"line":59,"column":8},"end":{"line":61,"column":null}},"15":{"start":{"line":66,"column":2},"end":{"line":97,"column":null}},"16":{"start":{"line":77,"column":29},"end":{"line":77,"column":null}}},"fnMap":{"0":{"name":"Alerts","decl":{"start":{"line":8,"column":16},"end":{"line":8,"column":25}},"loc":{"start":{"line":8,"column":25},"end":{"line":99,"column":null}},"line":8},"1":{"name":"(anonymous_1)","decl":{"start":{"line":13,"column":4},"end":{"line":13,"column":19}},"loc":{"start":{"line":13,"column":19},"end":{"line":18,"column":null}},"line":13},"2":{"name":"(anonymous_2)","decl":{"start":{"line":17,"column":59},"end":{"line":17,"column":64}},"loc":{"start":{"line":17,"column":71},"end":{"line":17,"column":79}},"line":17},"3":{"name":"(anonymous_3)","decl":{"start":{"line":29,"column":6},"end":{"line":29,"column":15}},"loc":{"start":{"line":29,"column":15},"end":{"line":29,"column":null}},"line":29},"4":{"name":"(anonymous_4)","decl":{"start":{"line":35,"column":6},"end":{"line":35,"column":15}},"loc":{"start":{"line":35,"column":23},"end":{"line":48,"column":null}},"line":35},"5":{"name":"(anonymous_5)","decl":{"start":{"line":58,"column":6},"end":{"line":58,"column":15}},"loc":{"start":{"line":59,"column":8},"end":{"line":61,"column":null}},"line":59},"6":{"name":"(anonymous_6)","decl":{"start":{"line":77,"column":12},"end":{"line":77,"column":23}},"loc":{"start":{"line":77,"column":29},"end":{"line":77,"column":null}},"line":77}},"branchMap":{"0":{"loc":{"start":{"line":16,"column":6},"end":{"line":16,"column":null}},"type":"if","locations":[{"start":{"line":16,"column":6},"end":{"line":16,"column":null}},{"start":{},"end":{}}],"line":16},"1":{"loc":{"start":{"line":22,"column":30},"end":{"line":22,"column":null}},"type":"binary-expr","locations":[{"start":{"line":22,"column":30},"end":{"line":22,"column":48}},{"start":{"line":22,"column":48},"end":{"line":22,"column":null}}],"line":22},"2":{"loc":{"start":{"line":42,"column":27},"end":{"line":42,"column":null}},"type":"binary-expr","locations":[{"start":{"line":42,"column":27},"end":{"line":42,"column":51}},{"start":{"line":42,"column":51},"end":{"line":42,"column":null}}],"line":42}},"s":{"0":2,"1":2,"2":1,"3":1,"4":1,"5":0,"6":1,"7":1,"8":2,"9":2,"10":1,"11":1,"12":1,"13":1,"14":1,"15":2,"16":0},"f":{"0":2,"1":1,"2":1,"3":1,"4":1,"5":1,"6":0},"b":{"0":[0,1],"1":[2,1],"2":[1,0]},"meta":{"lastBranch":3,"lastFunction":7,"lastStatement":17,"seen":{"f:8:16:8:25":0,"s:9:25:9:Infinity":0,"s:11:26:20:Infinity":1,"f:13:4:13:19":1,"s:14:21:14:Infinity":2,"s:15:6:15:Infinity":3,"b:16:6:16:Infinity:undefined:undefined:undefined:undefined":0,"s:16:6:16:Infinity":4,"s:16:26:16:Infinity":5,"s:17:6:17:Infinity":6,"f:17:59:17:64":2,"s:17:71:17:79":7,"s:22:30:22:Infinity":8,"b:22:30:22:48:22:48:22:Infinity":1,"s:24:39:64:Infinity":9,"f:29:6:29:15":3,"s:29:15:29:Infinity":10,"f:35:6:35:15":4,"s:36:23:41:Infinity":11,"s:42:27:42:Infinity":12,"b:42:27:42:51:42:51:42:Infinity":2,"s:43:8:46:Infinity":13,"f:58:6:58:15":5,"s:59:8:61:Infinity":14,"s:66:2:97:Infinity":15,"f:77:12:77:23":6,"s:77:29:77:Infinity":16},"fnNames":{}}}
,"A:\\GITHUB\\AI-Powered-Stateful-Personal-Firewall\\frontend\\src\\pages\\Analytics.tsx": {"path":"A:\\GITHUB\\AI-Powered-Stateful-Personal-Firewall\\frontend\\src\\pages\\Analytics.tsx","statementMap":{"0":{"start":{"line":6,"column":16},"end":{"line":10,"column":null}},"1":{"start":{"line":8,"column":19},"end":{"line":8,"column":null}},"2":{"start":{"line":8,"column":61},"end":{"line":8,"column":69}},"3":{"start":{"line":12,"column":16},"end":{"line":16,"column":null}},"4":{"start":{"line":14,"column":19},"end":{"line":14,"column":null}},"5":{"start":{"line":14,"column":63},"end":{"line":14,"column":71}},"6":{"start":{"line":18,"column":21},"end":{"line":18,"column":null}},"7":{"start":{"line":19,"column":23},"end":{"line":19,"column":null}},"8":{"start":{"line":21,"column":2},"end":{"line":79,"column":null}},"9":{"start":{"line":41,"column":94},"end":{"line":41,"column":134}},"10":{"start":{"line":46,"column":45},"end":{"line":46,"column":null}},"11":{"start":{"line":70,"column":45},"end":{"line":70,"column":null}}},"fnMap":{"0":{"name":"Analytics","decl":{"start":{"line":5,"column":16},"end":{"line":5,"column":28}},"loc":{"start":{"line":5,"column":28},"end":{"line":81,"column":null}},"line":5},"1":{"name":"(anonymous_1)","decl":{"start":{"line":8,"column":4},"end":{"line":8,"column":19}},"loc":{"start":{"line":8,"column":19},"end":{"line":8,"column":null}},"line":8},"2":{"name":"(anonymous_2)","decl":{"start":{"line":8,"column":49},"end":{"line":8,"column":54}},"loc":{"start":{"line":8,"column":61},"end":{"line":8,"column":69}},"line":8},"3":{"name":"(anonymous_3)","decl":{"start":{"line":14,"column":4},"end":{"line":14,"column":19}},"loc":{"start":{"line":14,"column":19},"end":{"line":14,"column":null}},"line":14},"4":{"name":"(anonymous_4)","decl":{"start":{"line":14,"column":51},"end":{"line":14,"column":56}},"loc":{"start":{"line":14,"column":63},"end":{"line":14,"column":71}},"line":14},"5":{"name":"(anonymous_5)","decl":{"start":{"line":41,"column":70},"end":{"line":41,"column":86}},"loc":{"start":{"line":41,"column":94},"end":{"line":41,"column":134}},"line":41},"6":{"name":"(anonymous_6)","decl":{"start":{"line":46,"column":20},"end":{"line":46,"column":32}},"loc":{"start":{"line":46,"column":45},"end":{"line":46,"column":null}},"line":46},"7":{"name":"(anonymous_7)","decl":{"start":{"line":70,"column":20},"end":{"line":70,"column":32}},"loc":{"start":{"line":70,"column":45},"end":{"line":70,"column":null}},"line":70}},"branchMap":{"0":{"loc":{"start":{"line":18,"column":21},"end":{"line":18,"column":null}},"type":"binary-expr","locations":[{"start":{"line":18,"column":21},"end":{"line":18,"column":44}},{"start":{"line":18,"column":44},"end":{"line":18,"column":null}}],"line":18},"1":{"loc":{"start":{"line":19,"column":23},"end":{"line":19,"column":null}},"type":"binary-expr","locations":[{"start":{"line":19,"column":23},"end":{"line":19,"column":48}},{"start":{"line":19,"column":48},"end":{"line":19,"column":null}}],"line":19},"2":{"loc":{"start":{"line":34,"column":11},"end":{"line":53,"column":null}},"type":"cond-expr","locations":[{"start":{"line":35,"column":12},"end":{"line":37,"column":13}},{"start":{"line":37,"column":12},"end":{"line":53,"column":null}}],"line":34},"3":{"loc":{"start":{"line":58,"column":11},"end":{"line":77,"column":null}},"type":"cond-expr","locations":[{"start":{"line":59,"column":12},"end":{"line":61,"column":13}},{"start":{"line":61,"column":12},"end":{"line":77,"column":null}}],"line":58}},"s":{"0":1,"1":1,"2":1,"3":1,"4":1,"5":1,"6":1,"7":1,"8":1,"9":0,"10":0,"11":0},"f":{"0":1,"1":1,"2":1,"3":1,"4":1,"5":0,"6":0,"7":0},"b":{"0":[1,1],"1":[1,1],"2":[1,0],"3":[1,0]},"meta":{"lastBranch":4,"lastFunction":8,"lastStatement":12,"seen":{"f:5:16:5:28":0,"s:6:16:10:Infinity":0,"f:8:4:8:19":1,"s:8:19:8:Infinity":1,"f:8:49:8:54":2,"s:8:61:8:69":2,"s:12:16:16:Infinity":3,"f:14:4:14:19":3,"s:14:19:14:Infinity":4,"f:14:51:14:56":4,"s:14:63:14:71":5,"s:18:21:18:Infinity":6,"b:18:21:18:44:18:44:18:Infinity":0,"s:19:23:19:Infinity":7,"b:19:23:19:48:19:48:19:Infinity":1,"s:21:2:79:Infinity":8,"b:35:12:37:13:37:12:53:Infinity":2,"f:41:70:41:86":5,"s:41:94:41:134":9,"f:46:20:46:32":6,"s:46:45:46:Infinity":10,"b:59:12:61:13:61:12:77:Infinity":3,"f:70:20:70:32":7,"s:70:45:70:Infinity":11},"fnNames":{}}}
,"A:\\GITHUB\\AI-Powered-Stateful-Personal-Firewall\\frontend\\src\\pages\\Connections.tsx": {"path":"A:\\GITHUB\\AI-Powered-Stateful-Personal-Firewall\\frontend\\src\\pages\\Connections.tsx","statementMap":{"0":{"start":{"line":21,"column":26},"end":{"line":25,"column":null}},"1":{"start":{"line":23,"column":19},"end":{"line":23,"column":null}},"2":{"start":{"line":23,"column":71},"end":{"line":23,"column":79}},"3":{"start":{"line":27,"column":40},"end":{"line":27,"column":null}},"4":{"start":{"line":29,"column":8},"end":{"line":35,"column":null}},"5":{"start":{"line":30,"column":4},"end":{"line":30,"column":null}},"6":{"start":{"line":30,"column":21},"end":{"line":30,"column":null}},"7":{"start":{"line":31,"column":14},"end":{"line":31,"column":null}},"8":{"start":{"line":32,"column":18},"end":{"line":32,"column":null}},"9":{"start":{"line":33,"column":14},"end":{"line":33,"column":null}},"10":{"start":{"line":34,"column":4},"end":{"line":34,"column":null}},"11":{"start":{"line":37,"column":44},"end":{"line":93,"column":null}},"12":{"start":{"line":42,"column":15},"end":{"line":42,"column":null}},"13":{"start":{"line":48,"column":23},"end":{"line":48,"column":null}},"14":{"start":{"line":54,"column":23},"end":{"line":54,"column":null}},"15":{"start":{"line":60,"column":23},"end":{"line":60,"column":null}},"16":{"start":{"line":67,"column":8},"end":{"line":73,"column":null}},"17":{"start":{"line":80,"column":23},"end":{"line":80,"column":null}},"18":{"start":{"line":87,"column":8},"end":{"line":90,"column":null}},"19":{"start":{"line":95,"column":2},"end":{"line":112,"column":null}}},"fnMap":{"0":{"name":"Connections","decl":{"start":{"line":20,"column":16},"end":{"line":20,"column":30}},"loc":{"start":{"line":20,"column":30},"end":{"line":114,"column":null}},"line":20},"1":{"name":"(anonymous_1)","decl":{"start":{"line":23,"column":4},"end":{"line":23,"column":19}},"loc":{"start":{"line":23,"column":19},"end":{"line":23,"column":null}},"line":23},"2":{"name":"(anonymous_2)","decl":{"start":{"line":23,"column":59},"end":{"line":23,"column":64}},"loc":{"start":{"line":23,"column":71},"end":{"line":23,"column":79}},"line":23},"3":{"name":"(anonymous_3)","decl":{"start":{"line":29,"column":8},"end":{"line":29,"column":23}},"loc":{"start":{"line":29,"column":41},"end":{"line":35,"column":null}},"line":29},"4":{"name":"(anonymous_4)","decl":{"start":{"line":42,"column":6},"end":{"line":42,"column":15}},"loc":{"start":{"line":42,"column":15},"end":{"line":42,"column":null}},"line":42},"5":{"name":"(anonymous_5)","decl":{"start":{"line":48,"column":6},"end":{"line":48,"column":15}},"loc":{"start":{"line":48,"column":23},"end":{"line":48,"column":null}},"line":48},"6":{"name":"(anonymous_6)","decl":{"start":{"line":54,"column":6},"end":{"line":54,"column":15}},"loc":{"start":{"line":54,"column":23},"end":{"line":54,"column":null}},"line":54},"7":{"name":"(anonymous_7)","decl":{"start":{"line":60,"column":6},"end":{"line":60,"column":15}},"loc":{"start":{"line":60,"column":23},"end":{"line":60,"column":null}},"line":60},"8":{"name":"(anonymous_8)","decl":{"start":{"line":66,"column":6},"end":{"line":66,"column":15}},"loc":{"start":{"line":67,"column":8},"end":{"line":73,"column":null}},"line":67},"9":{"name":"(anonymous_9)","decl":{"start":{"line":80,"column":6},"end":{"line":80,"column":15}},"loc":{"start":{"line":80,"column":23},"end":{"line":80,"column":null}},"line":80},"10":{"name":"(anonymous_10)","decl":{"start":{"line":86,"column":6},"end":{"line":86,"column":15}},"loc":{"start":{"line":87,"column":8},"end":{"line":90,"column":null}},"line":87}},"branchMap":{"0":{"loc":{"start":{"line":27,"column":40},"end":{"line":27,"column":null}},"type":"binary-expr","locations":[{"start":{"line":27,"column":40},"end":{"line":27,"column":58}},{"start":{"line":27,"column":58},"end":{"line":27,"column":null}}],"line":27},"1":{"loc":{"start":{"line":30,"column":4},"end":{"line":30,"column":null}},"type":"if","locations":[{"start":{"line":30,"column":4},"end":{"line":30,"column":null}},{"start":{},"end":{}}],"line":30},"2":{"loc":{"start":{"line":68,"column":10},"end":{"line":70,"column":null}},"type":"cond-expr","locations":[{"start":{"line":68,"column":40},"end":{"line":68,"column":null}},{"start":{"line":69,"column":10},"end":{"line":70,"column":null}}],"line":68},"3":{"loc":{"start":{"line":69,"column":10},"end":{"line":70,"column":null}},"type":"cond-expr","locations":[{"start":{"line":69,"column":35},"end":{"line":69,"column":null}},{"start":{"line":70,"column":10},"end":{"line":70,"column":null}}],"line":69}},"s":{"0":2,"1":1,"2":1,"3":2,"4":2,"5":2,"6":0,"7":2,"8":2,"9":2,"10":2,"11":2,"12":1,"13":1,"14":1,"15":1,"16":1,"17":1,"18":1,"19":2},"f":{"0":2,"1":1,"2":1,"3":2,"4":1,"5":1,"6":1,"7":1,"8":1,"9":1,"10":1},"b":{"0":[2,1],"1":[0,2],"2":[1,0],"3":[0,0]},"meta":{"lastBranch":4,"lastFunction":11,"lastStatement":20,"seen":{"f:20:16:20:30":0,"s:21:26:25:Infinity":0,"f:23:4:23:19":1,"s:23:19:23:Infinity":1,"f:23:59:23:64":2,"s:23:71:23:79":2,"s:27:40:27:Infinity":3,"b:27:40:27:58:27:58:27:Infinity":0,"s:29:8:35:Infinity":4,"f:29:8:29:23":3,"b:30:4:30:Infinity:undefined:undefined:undefined:undefined":1,"s:30:4:30:Infinity":5,"s:30:21:30:Infinity":6,"s:31:14:31:Infinity":7,"s:32:18:32:Infinity":8,"s:33:14:33:Infinity":9,"s:34:4:34:Infinity":10,"s:37:44:93:Infinity":11,"f:42:6:42:15":4,"s:42:15:42:Infinity":12,"f:48:6:48:15":5,"s:48:23:48:Infinity":13,"f:54:6:54:15":6,"s:54:23:54:Infinity":14,"f:60:6:60:15":7,"s:60:23:60:Infinity":15,"f:66:6:66:15":8,"s:67:8:73:Infinity":16,"b:68:40:68:Infinity:69:10:70:Infinity":2,"b:69:35:69:Infinity:70:10:70:Infinity":3,"f:80:6:80:15":9,"s:80:23:80:Infinity":17,"f:86:6:86:15":10,"s:87:8:90:Infinity":18,"s:95:2:112:Infinity":19},"fnNames":{}}}
,"A:\\GITHUB\\AI-Powered-Stateful-Personal-Firewall\\frontend\\src\\pages\\Dashboard.tsx": {"path":"A:\\GITHUB\\AI-Powered-Stateful-Personal-Firewall\\frontend\\src\\pages\\Dashboard.tsx","statementMap":{"0":{"start":{"line":11,"column":21},"end":{"line":11,"column":null}},"1":{"start":{"line":14,"column":10},"end":{"line":14,"column":null}},"2":{"start":{"line":17,"column":16},"end":{"line":21,"column":null}},"3":{"start":{"line":19,"column":19},"end":{"line":19,"column":null}},"4":{"start":{"line":19,"column":55},"end":{"line":19,"column":63}},"5":{"start":{"line":23,"column":16},"end":{"line":27,"column":null}},"6":{"start":{"line":25,"column":19},"end":{"line":25,"column":null}},"7":{"start":{"line":25,"column":59},"end":{"line":25,"column":67}},"8":{"start":{"line":30,"column":2},"end":{"line":38,"column":null}},"9":{"start":{"line":31,"column":4},"end":{"line":37,"column":null}},"10":{"start":{"line":32,"column":6},"end":{"line":36,"column":null}},"11":{"start":{"line":34,"column":26},"end":{"line":34,"column":null}},"12":{"start":{"line":35,"column":8},"end":{"line":35,"column":null}},"13":{"start":{"line":40,"column":16},"end":{"line":40,"column":null}},"14":{"start":{"line":41,"column":20},"end":{"line":41,"column":null}},"15":{"start":{"line":43,"column":2},"end":{"line":89,"column":null}}},"fnMap":{"0":{"name":"Dashboard","decl":{"start":{"line":10,"column":16},"end":{"line":10,"column":28}},"loc":{"start":{"line":10,"column":28},"end":{"line":91,"column":null}},"line":10},"1":{"name":"(anonymous_1)","decl":{"start":{"line":19,"column":4},"end":{"line":19,"column":19}},"loc":{"start":{"line":19,"column":19},"end":{"line":19,"column":null}},"line":19},"2":{"name":"(anonymous_2)","decl":{"start":{"line":19,"column":43},"end":{"line":19,"column":48}},"loc":{"start":{"line":19,"column":55},"end":{"line":19,"column":63}},"line":19},"3":{"name":"(anonymous_3)","decl":{"start":{"line":25,"column":4},"end":{"line":25,"column":19}},"loc":{"start":{"line":25,"column":19},"end":{"line":25,"column":null}},"line":25},"4":{"name":"(anonymous_4)","decl":{"start":{"line":25,"column":47},"end":{"line":25,"column":52}},"loc":{"start":{"line":25,"column":59},"end":{"line":25,"column":67}},"line":25},"5":{"name":"(anonymous_5)","decl":{"start":{"line":30,"column":2},"end":{"line":30,"column":18}},"loc":{"start":{"line":30,"column":18},"end":{"line":38,"column":5}},"line":30},"6":{"name":"(anonymous_6)","decl":{"start":{"line":32,"column":6},"end":{"line":32,"column":20}},"loc":{"start":{"line":32,"column":28},"end":{"line":36,"column":7}},"line":32}},"branchMap":{"0":{"loc":{"start":{"line":31,"column":4},"end":{"line":37,"column":null}},"type":"if","locations":[{"start":{"line":31,"column":4},"end":{"line":37,"column":null}},{"start":{},"end":{}}],"line":31},"1":{"loc":{"start":{"line":31,"column":8},"end":{"line":31,"column":54}},"type":"binary-expr","locations":[{"start":{"line":31,"column":8},"end":{"line":31,"column":23}},{"start":{"line":31,"column":23},"end":{"line":31,"column":54}}],"line":31},"2":{"loc":{"start":{"line":40,"column":16},"end":{"line":40,"column":null}},"type":"binary-expr","locations":[{"start":{"line":40,"column":16},"end":{"line":40,"column":39}},{"start":{"line":40,"column":39},"end":{"line":40,"column":null}}],"line":40},"3":{"loc":{"start":{"line":41,"column":20},"end":{"line":41,"column":null}},"type":"binary-expr","locations":[{"start":{"line":41,"column":20},"end":{"line":41,"column":47}},{"start":{"line":41,"column":47},"end":{"line":41,"column":null}}],"line":41},"4":{"loc":{"start":{"line":56,"column":18},"end":{"line":56,"column":42}},"type":"binary-expr","locations":[{"start":{"line":56,"column":18},"end":{"line":56,"column":41}},{"start":{"line":56,"column":41},"end":{"line":56,"column":42}}],"line":56},"5":{"loc":{"start":{"line":61,"column":18},"end":{"line":61,"column":47}},"type":"binary-expr","locations":[{"start":{"line":61,"column":18},"end":{"line":61,"column":46}},{"start":{"line":61,"column":46},"end":{"line":61,"column":47}}],"line":61},"6":{"loc":{"start":{"line":66,"column":18},"end":{"line":66,"column":41}},"type":"binary-expr","locations":[{"start":{"line":66,"column":18},"end":{"line":66,"column":40}},{"start":{"line":66,"column":40},"end":{"line":66,"column":41}}],"line":66},"7":{"loc":{"start":{"line":68,"column":17},"end":{"line":68,"column":null}},"type":"cond-expr","locations":[{"start":{"line":68,"column":42},"end":{"line":68,"column":63}},{"start":{"line":68,"column":63},"end":{"line":68,"column":null}}],"line":68},"8":{"loc":{"start":{"line":73,"column":18},"end":{"line":73,"column":40}},"type":"binary-expr","locations":[{"start":{"line":73,"column":18},"end":{"line":73,"column":39}},{"start":{"line":73,"column":39},"end":{"line":73,"column":40}}],"line":73}},"s":{"0":7,"1":7,"2":7,"3":3,"4":2,"5":7,"6":3,"7":3,"8":7,"9":4,"10":1,"11":1,"12":1,"13":7,"14":7,"15":7},"f":{"0":7,"1":3,"2":2,"3":3,"4":3,"5":4,"6":1},"b":{"0":[1,3],"1":[4,1],"2":[7,3],"3":[7,3],"4":[7,3],"5":[7,3],"6":[7,3],"7":[4,3],"8":[7,3]},"meta":{"lastBranch":9,"lastFunction":7,"lastStatement":16,"seen":{"f:10:16:10:28":0,"s:11:21:11:Infinity":0,"s:14:10:14:Infinity":1,"s:17:16:21:Infinity":2,"f:19:4:19:19":1,"s:19:19:19:Infinity":3,"f:19:43:19:48":2,"s:19:55:19:63":4,"s:23:16:27:Infinity":5,"f:25:4:25:19":3,"s:25:19:25:Infinity":6,"f:25:47:25:52":4,"s:25:59:25:67":7,"s:30:2:38:Infinity":8,"f:30:2:30:18":5,"b:31:4:37:Infinity:undefined:undefined:undefined:undefined":0,"s:31:4:37:Infinity":9,"b:31:8:31:23:31:23:31:54":1,"s:32:6:36:Infinity":10,"f:32:6:32:20":6,"s:34:26:34:Infinity":11,"s:35:8:35:Infinity":12,"s:40:16:40:Infinity":13,"b:40:16:40:39:40:39:40:Infinity":2,"s:41:20:41:Infinity":14,"b:41:20:41:47:41:47:41:Infinity":3,"s:43:2:89:Infinity":15,"b:56:18:56:41:56:41:56:42":4,"b:61:18:61:46:61:46:61:47":5,"b:66:18:66:40:66:40:66:41":6,"b:68:42:68:63:68:63:68:Infinity":7,"b:73:18:73:39:73:39:73:40":8},"fnNames":{}}}
,"A:\\GITHUB\\AI-Powered-Stateful-Personal-Firewall\\frontend\\src\\store\\themeStore.ts": {"path":"A:\\GITHUB\\AI-Powered-Stateful-Personal-Firewall\\frontend\\src\\store\\themeStore.ts","statementMap":{"0":{"start":{"line":9,"column":13},"end":{"line":17,"column":null}},"1":{"start":{"line":11,"column":14},"end":{"line":14,"column":null}},"2":{"start":{"line":13,"column":25},"end":{"line":13,"column":null}},"3":{"start":{"line":13,"column":41},"end":{"line":13,"column":67}}},"fnMap":{"0":{"name":"(anonymous_0)","decl":{"start":{"line":10,"column":2},"end":{"line":10,"column":null}},"loc":{"start":{"line":11,"column":14},"end":{"line":14,"column":null}},"line":11},"1":{"name":"(anonymous_1)","decl":{"start":{"line":13,"column":6},"end":{"line":13,"column":25}},"loc":{"start":{"line":13,"column":25},"end":{"line":13,"column":null}},"line":13},"2":{"name":"(anonymous_2)","decl":{"start":{"line":13,"column":25},"end":{"line":13,"column":30}},"loc":{"start":{"line":13,"column":41},"end":{"line":13,"column":67}},"line":13}},"branchMap":{},"s":{"0":1,"1":1,"2":0,"3":0},"f":{"0":1,"1":0,"2":0},"b":{},"meta":{"lastBranch":0,"lastFunction":3,"lastStatement":4,"seen":{"s:9:13:17:Infinity":0,"f:10:2:10:Infinity":0,"s:11:14:14:Infinity":1,"f:13:6:13:25":1,"s:13:25:13:Infinity":2,"f:13:25:13:30":2,"s:13:41:13:67":3},"fnNames":{}}}
,"A:\\GITHUB\\AI-Powered-Stateful-Personal-Firewall\\frontend\\src\\store\\uiStore.ts": {"path":"A:\\GITHUB\\AI-Powered-Stateful-Personal-Firewall\\frontend\\src\\store\\uiStore.ts","statementMap":{"0":{"start":{"line":9,"column":13},"end":{"line":13,"column":null}},"1":{"start":{"line":9,"column":52},"end":{"line":13,"column":2}},"2":{"start":{"line":11,"column":23},"end":{"line":11,"column":null}},"3":{"start":{"line":11,"column":39},"end":{"line":11,"column":75}},"4":{"start":{"line":12,"column":28},"end":{"line":12,"column":null}}},"fnMap":{"0":{"name":"(anonymous_0)","decl":{"start":{"line":9,"column":26},"end":{"line":9,"column":43}},"loc":{"start":{"line":9,"column":52},"end":{"line":13,"column":2}},"line":9},"1":{"name":"(anonymous_1)","decl":{"start":{"line":11,"column":2},"end":{"line":11,"column":23}},"loc":{"start":{"line":11,"column":23},"end":{"line":11,"column":null}},"line":11},"2":{"name":"(anonymous_2)","decl":{"start":{"line":11,"column":23},"end":{"line":11,"column":28}},"loc":{"start":{"line":11,"column":39},"end":{"line":11,"column":75}},"line":11},"3":{"name":"(anonymous_3)","decl":{"start":{"line":12,"column":2},"end":{"line":12,"column":19}},"loc":{"start":{"line":12,"column":28},"end":{"line":12,"column":null}},"line":12}},"branchMap":{},"s":{"0":1,"1":1,"2":0,"3":0,"4":0},"f":{"0":1,"1":0,"2":0,"3":0},"b":{},"meta":{"lastBranch":0,"lastFunction":4,"lastStatement":5,"seen":{"s:9:13:13:Infinity":0,"f:9:26:9:43":0,"s:9:52:13:2":1,"f:11:2:11:23":1,"s:11:23:11:Infinity":2,"f:11:23:11:28":2,"s:11:39:11:75":3,"f:12:2:12:19":3,"s:12:28:12:Infinity":4},"fnNames":{}}}
}
