{"A:\\GITHUB\\AI-Powered-Stateful-Personal-Firewall\\frontend\\src\\App.tsx": {"path":"A:\\GITHUB\\AI-Powered-Stateful-Personal-Firewall\\frontend\\src\\App.tsx","statementMap":{"0":{"start":{"line":10,"column":6},"end":{"line":10,"column":null}},"1":{"start":{"line":10,"column":29},"end":{"line":10,"column":null}},"2":{"start":{"line":10,"column":70},"end":{"line":10,"column":null}},"3":{"start":{"line":11,"column":6},"end":{"line":11,"column":null}},"4":{"start":{"line":11,"column":31},"end":{"line":11,"column":null}},"5":{"start":{"line":11,"column":74},"end":{"line":11,"column":null}},"6":{"start":{"line":12,"column":6},"end":{"line":12,"column":null}},"7":{"start":{"line":12,"column":26},"end":{"line":12,"column":null}},"8":{"start":{"line":12,"column":64},"end":{"line":12,"column":null}},"9":{"start":{"line":13,"column":6},"end":{"line":13,"column":null}},"10":{"start":{"line":13,"column":29},"end":{"line":13,"column":null}},"11":{"start":{"line":13,"column":70},"end":{"line":13,"column":null}},"12":{"start":{"line":16,"column":6},"end":{"line":16,"column":null}},"13":{"start":{"line":16,"column":20},"end":{"line":16,"column":null}},"14":{"start":{"line":17,"column":6},"end":{"line":17,"column":null}},"15":{"start":{"line":17,"column":23},"end":{"line":17,"column":null}},"16":{"start":{"line":19,"column":20},"end":{"line":28,"column":null}},"17":{"start":{"line":31,"column":10},"end":{"line":31,"column":null}},"18":{"start":{"line":33,"column":2},"end":{"line":39,"column":null}},"19":{"start":{"line":34,"column":4},"end":{"line":38,"column":null}},"20":{"start":{"line":35,"column":6},"end":{"line":35,"column":null}},"21":{"start":{"line":37,"column":6},"end":{"line":37,"column":null}},"22":{"start":{"line":41,"column":2},"end":{"line":66,"column":null}}},"fnMap":{"0":{"name":"(anonymous_0)","decl":{"start":{"line":10,"column":18},"end":{"line":10,"column":29}},"loc":{"start":{"line":10,"column":29},"end":{"line":10,"column":null}},"line":10},"1":{"name":"(anonymous_1)","decl":{"start":{"line":10,"column":62},"end":{"line":10,"column":68}},"loc":{"start":{"line":10,"column":70},"end":{"line":10,"column":null}},"line":10},"2":{"name":"(anonymous_2)","decl":{"start":{"line":11,"column":20},"end":{"line":11,"column":31}},"loc":{"start":{"line":11,"column":31},"end":{"line":11,"column":null}},"line":11},"3":{"name":"(anonymous_3)","decl":{"start":{"line":11,"column":66},"end":{"line":11,"column":72}},"loc":{"start":{"line":11,"column":74},"end":{"line":11,"column":null}},"line":11},"4":{"name":"(anonymous_4)","decl":{"start":{"line":12,"column":15},"end":{"line":12,"column":26}},"loc":{"start":{"line":12,"column":26},"end":{"line":12,"column":null}},"line":12},"5":{"name":"(anonymous_5)","decl":{"start":{"line":12,"column":56},"end":{"line":12,"column":62}},"loc":{"start":{"line":12,"column":64},"end":{"line":12,"column":null}},"line":12},"6":{"name":"(anonymous_6)","decl":{"start":{"line":13,"column":18},"end":{"line":13,"column":29}},"loc":{"start":{"line":13,"column":29},"end":{"line":13,"column":null}},"line":13},"7":{"name":"(anonymous_7)","decl":{"start":{"line":13,"column":62},"end":{"line":13,"column":68}},"loc":{"start":{"line":13,"column":70},"end":{"line":13,"column":null}},"line":13},"8":{"name":"(anonymous_8)","decl":{"start":{"line":16,"column":6},"end":{"line":16,"column":20}},"loc":{"start":{"line":16,"column":20},"end":{"line":16,"column":null}},"line":16},"9":{"name":"(anonymous_9)","decl":{"start":{"line":17,"column":6},"end":{"line":17,"column":23}},"loc":{"start":{"line":17,"column":23},"end":{"line":17,"column":null}},"line":17},"10":{"name":"App","decl":{"start":{"line":30,"column":9},"end":{"line":30,"column":15}},"loc":{"start":{"line":30,"column":15},"end":{"line":68,"column":null}},"line":30},"11":{"name":"(anonymous_11)","decl":{"start":{"line":33,"column":2},"end":{"line":33,"column":18}},"loc":{"start":{"line":33,"column":18},"end":{"line":39,"column":5}},"line":33}},"branchMap":{"0":{"loc":{"start":{"line":34,"column":4},"end":{"line":38,"column":null}},"type":"if","locations":[{"start":{"line":34,"column":4},"end":{"line":38,"column":null}},{"start":{"line":36,"column":11},"end":{"line":38,"column":null}}],"line":34}},"s":{"0":1,"1":1,"2":1,"3":1,"4":0,"5":0,"6":1,"7":0,"8":0,"9":1,"10":0,"11":0,"12":1,"13":0,"14":1,"15":0,"16":1,"17":1,"18":1,"19":1,"20":1,"21":0,"22":1},"f":{"0":1,"1":1,"2":0,"3":0,"4":0,"5":0,"6":0,"7":0,"8":0,"9":0,"10":1,"11":1},"b":{"0":[1,0]},"meta":{"lastBranch":1,"lastFunction":12,"lastStatement":23,"seen":{"s:10:6:10:Infinity":0,"f:10:18:10:29":0,"s:10:29:10:Infinity":1,"f:10:62:10:68":1,"s:10:70:10:Infinity":2,"s:11:6:11:Infinity":3,"f:11:20:11:31":2,"s:11:31:11:Infinity":4,"f:11:66:11:72":3,"s:11:74:11:Infinity":5,"s:12:6:12:Infinity":6,"f:12:15:12:26":4,"s:12:26:12:Infinity":7,"f:12:56:12:62":5,"s:12:64:12:Infinity":8,"s:13:6:13:Infinity":9,"f:13:18:13:29":6,"s:13:29:13:Infinity":10,"f:13:62:13:68":7,"s:13:70:13:Infinity":11,"s:16:6:16:Infinity":12,"f:16:6:16:20":8,"s:16:20:16:Infinity":13,"s:17:6:17:Infinity":14,"f:17:6:17:23":9,"s:17:23:17:Infinity":15,"s:19:20:28:Infinity":16,"f:30:9:30:15":10,"s:31:10:31:Infinity":17,"s:33:2:39:Infinity":18,"f:33:2:33:18":11,"b:34:4:38:Infinity:36:11:38:Infinity":0,"s:34:4:38:Infinity":19,"s:35:6:35:Infinity":20,"s:37:6:37:Infinity":21,"s:41:2:66:Infinity":22},"fnNames":{}}}
,"A:\\GITHUB\\AI-Powered-Stateful-Personal-Firewall\\frontend\\src\\api\\client.ts": {"path":"A:\\GITHUB\\AI-Powered-Stateful-Personal-Firewall\\frontend\\src\\api\\client.ts","statementMap":{"0":{"start":{"line":3,"column":25},"end":{"line":9,"column":null}},"1":{"start":{"line":12,"column":0},"end":{"line":19,"column":null}},"2":{"start":{"line":13,"column":16},"end":{"line":13,"column":null}},"3":{"start":{"line":16,"column":4},"end":{"line":16,"column":null}},"4":{"start":{"line":17,"column":4},"end":{"line":17,"column":null}}},"fnMap":{"0":{"name":"(anonymous_0)","decl":{"start":{"line":12,"column":32},"end":{"line":12,"column":null}},"loc":{"start":{"line":13,"column":16},"end":{"line":13,"column":null}},"line":13},"1":{"name":"(anonymous_1)","decl":{"start":{"line":13,"column":16},"end":{"line":13,"column":null}},"loc":{"start":{"line":14,"column":13},"end":{"line":18,"column":null}},"line":14}},"branchMap":{"0":{"loc":{"start":{"line":4,"column":11},"end":{"line":4,"column":null}},"type":"binary-expr","locations":[{"start":{"line":4,"column":11},"end":{"line":4,"column":48}},{"start":{"line":4,"column":48},"end":{"line":4,"column":null}}],"line":4},"1":{"loc":{"start":{"line":7,"column":17},"end":{"line":7,"column":null}},"type":"binary-expr","locations":[{"start":{"line":7,"column":17},"end":{"line":7,"column":49}},{"start":{"line":7,"column":49},"end":{"line":7,"column":null}}],"line":7},"2":{"loc":{"start":{"line":16,"column":32},"end":{"line":16,"column":69}},"type":"binary-expr","locations":[{"start":{"line":16,"column":32},"end":{"line":16,"column":56}},{"start":{"line":16,"column":56},"end":{"line":16,"column":69}}],"line":16}},"s":{"0":5,"1":5,"2":13,"3":1,"4":1},"f":{"0":13,"1":1},"b":{"0":[5,0],"1":[5,0],"2":[1,0]},"meta":{"lastBranch":3,"lastFunction":2,"lastStatement":5,"seen":{"s:3:25:9:Infinity":0,"b:4:11:4:48:4:48:4:Infinity":0,"b:7:17:7:49:7:49:7:Infinity":1,"s:12:0:19:Infinity":1,"f:12:32:12:Infinity":0,"s:13:16:13:Infinity":2,"f:13:16:13:Infinity":1,"s:16:4:16:Infinity":3,"b:16:32:16:56:16:56:16:69":2,"s:17:4:17:Infinity":4},"fnNames":{}}}
,"A:\\GITHUB\\AI-Powered-Stateful-Personal-Firewall\\frontend\\src\\components\\AlertFeed.tsx": {"path":"A:\\GITHUB\\AI-Powered-Stateful-Personal-Firewall\\frontend\\src\\components\\AlertFeed.tsx","statementMap":{"0":{"start":{"line":20,"column":24},"end":{"line":25,"column":null}},"1":{"start":{"line":28,"column":2},"end":{"line":92,"column":null}},"2":{"start":{"line":59,"column":27},"end":{"line":59,"column":null}},"3":{"start":{"line":60,"column":25},"end":{"line":60,"column":null}},"4":{"start":{"line":62,"column":12},"end":{"line":87,"column":null}}},"fnMap":{"0":{"name":"AlertFeed","decl":{"start":{"line":27,"column":16},"end":{"line":27,"column":26}},"loc":{"start":{"line":27,"column":69},"end":{"line":94,"column":null}},"line":27},"1":{"name":"(anonymous_1)","decl":{"start":{"line":58,"column":17},"end":{"line":58,"column":22}},"loc":{"start":{"line":58,"column":39},"end":{"line":89,"column":11}},"line":58}},"branchMap":{"0":{"loc":{"start":{"line":41,"column":9},"end":{"line":49,"column":null}},"type":"binary-expr","locations":[{"start":{"line":41,"column":9},"end":{"line":41,"column":null}},{"start":{"line":42,"column":10},"end":{"line":49,"column":null}}],"line":41},"1":{"loc":{"start":{"line":52,"column":9},"end":{"line":89,"column":null}},"type":"cond-expr","locations":[{"start":{"line":53,"column":10},"end":{"line":58,"column":17}},{"start":{"line":58,"column":10},"end":{"line":89,"column":null}}],"line":52},"2":{"loc":{"start":{"line":59,"column":27},"end":{"line":59,"column":null}},"type":"binary-expr","locations":[{"start":{"line":59,"column":27},"end":{"line":59,"column":62}},{"start":{"line":59,"column":62},"end":{"line":59,"column":null}}],"line":59},"3":{"loc":{"start":{"line":64,"column":21},"end":{"line":64,"column":null}},"type":"binary-expr","locations":[{"start":{"line":64,"column":21},"end":{"line":64,"column":33}},{"start":{"line":64,"column":33},"end":{"line":64,"column":null}}],"line":64}},"s":{"0":4,"1":14,"2":6,"3":6,"4":6},"f":{"0":14,"1":6},"b":{"0":[14,9],"1":[9,5],"2":[6,0],"3":[6,4]},"meta":{"lastBranch":4,"lastFunction":2,"lastStatement":5,"seen":{"s:20:24:25:Infinity":0,"f:27:16:27:26":0,"s:28:2:92:Infinity":1,"b:41:9:41:Infinity:42:10:49:Infinity":0,"b:53:10:58:17:58:10:89:Infinity":1,"f:58:17:58:22":1,"s:59:27:59:Infinity":2,"b:59:27:59:62:59:62:59:Infinity":2,"s:60:25:60:Infinity":3,"s:62:12:87:Infinity":4,"b:64:21:64:33:64:33:64:Infinity":3},"fnNames":{}}}
,"A:\\GITHUB\\AI-Powered-Stateful-Personal-Firewall\\frontend\\src\\components\\ConfirmDialog.tsx": {"path":"A:\\GITHUB\\AI-Powered-Stateful-Personal-Firewall\\frontend\\src\\components\\ConfirmDialog.tsx","statementMap":{"0":{"start":{"line":25,"column":2},"end":{"line":57,"column":null}},"1":{"start":{"line":45,"column":12},"end":{"line":45,"column":null}},"2":{"start":{"line":46,"column":12},"end":{"line":46,"column":null}}},"fnMap":{"0":{"name":"ConfirmDialog","decl":{"start":{"line":15,"column":16},"end":{"line":15,"column":30}},"loc":{"start":{"line":24,"column":23},"end":{"line":59,"column":null}},"line":24},"1":{"name":"(anonymous_1)","decl":{"start":{"line":44,"column":10},"end":{"line":44,"column":25}},"loc":{"start":{"line":44,"column":25},"end":{"line":47,"column":null}},"line":44}},"branchMap":{"0":{"loc":{"start":{"line":21,"column":2},"end":{"line":21,"column":null}},"type":"default-arg","locations":[{"start":{"line":21,"column":16},"end":{"line":21,"column":null}}],"line":21},"1":{"loc":{"start":{"line":22,"column":2},"end":{"line":22,"column":null}},"type":"default-arg","locations":[{"start":{"line":22,"column":15},"end":{"line":22,"column":null}}],"line":22},"2":{"loc":{"start":{"line":23,"column":2},"end":{"line":23,"column":null}},"type":"default-arg","locations":[{"start":{"line":23,"column":18},"end":{"line":23,"column":null}}],"line":23},"3":{"loc":{"start":{"line":28,"column":9},"end":{"line":33,"column":9}},"type":"binary-expr","locations":[{"start":{"line":28,"column":9},"end":{"line":28,"column":null}},{"start":{"line":29,"column":10},"end":{"line":33,"column":9}}],"line":28},"4":{"loc":{"start":{"line":49,"column":12},"end":{"line":51,"column":null}},"type":"cond-expr","locations":[{"start":{"line":50,"column":16},"end":{"line":50,"column":null}},{"start":{"line":51,"column":16},"end":{"line":51,"column":null}}],"line":49}},"s":{"0":2,"1":1,"2":1},"f":{"0":2,"1":1},"b":{"0":[2],"1":[2],"2":[2],"3":[2,0],"4":[0,2]},"meta":{"lastBranch":5,"lastFunction":2,"lastStatement":3,"seen":{"f:15:16:15:30":0,"b:21:16:21:Infinity":0,"b:22:15:22:Infinity":1,"b:23:18:23:Infinity":2,"s:25:2:57:Infinity":0,"b:28:9:28:Infinity:29:10:33:9":3,"f:44:10:44:25":1,"s:45:12:45:Infinity":1,"s:46:12:46:Infinity":2,"b:50:16:50:Infinity:51:16:51:Infinity":4},"fnNames":{}}}
,"A:\\GITHUB\\AI-Powered-Stateful-Personal-Firewall\\frontend\\src\\components\\ConnectionStatus.tsx": {"path":"A:\\GITHUB\\AI-Powered-Stateful-Personal-Firewall\\frontend\\src\\components\\ConnectionStatus.tsx","statementMap":{"0":{"start":{"line":7,"column":38},"end":{"line":7,"column":null}},"1":{"start":{"line":9,"column":37},"end":{"line":14,"column":null}},"2":{"start":{"line":11,"column":19},"end":{"line":11,"column":null}},"3":{"start":{"line":11,"column":56},"end":{"line":11,"column":64}},"4":{"start":{"line":16,"column":26},"end":{"line":16,"column":null}},"5":{"start":{"line":18,"column":2},"end":{"line":45,"column":null}}},"fnMap":{"0":{"name":"ConnectionStatus","decl":{"start":{"line":6,"column":16},"end":{"line":6,"column":35}},"loc":{"start":{"line":6,"column":35},"end":{"line":47,"column":null}},"line":6},"1":{"name":"(anonymous_1)","decl":{"start":{"line":11,"column":4},"end":{"line":11,"column":19}},"loc":{"start":{"line":11,"column":19},"end":{"line":11,"column":null}},"line":11},"2":{"name":"(anonymous_2)","decl":{"start":{"line":11,"column":44},"end":{"line":11,"column":49}},"loc":{"start":{"line":11,"column":56},"end":{"line":11,"column":64}},"line":11}},"branchMap":{"0":{"loc":{"start":{"line":16,"column":26},"end":{"line":16,"column":null}},"type":"binary-expr","locations":[{"start":{"line":16,"column":26},"end":{"line":16,"column":42}},{"start":{"line":16,"column":42},"end":{"line":16,"column":null}}],"line":16},"1":{"loc":{"start":{"line":22,"column":9},"end":{"line":31,"column":null}},"type":"cond-expr","locations":[{"start":{"line":23,"column":10},"end":{"line":27,"column":11}},{"start":{"line":27,"column":10},"end":{"line":31,"column":null}}],"line":22},"2":{"loc":{"start":{"line":35,"column":9},"end":{"line":44,"column":null}},"type":"cond-expr","locations":[{"start":{"line":36,"column":10},"end":{"line":40,"column":11}},{"start":{"line":40,"column":10},"end":{"line":44,"column":null}}],"line":35},"3":{"loc":{"start":{"line":36,"column":117},"end":{"line":36,"column":null}},"type":"cond-expr","locations":[{"start":{"line":36,"column":135},"end":{"line":36,"column":205}},{"start":{"line":36,"column":205},"end":{"line":36,"column":null}}],"line":36}},"s":{"0":11,"1":11,"2":5,"3":5,"4":11,"5":11},"f":{"0":11,"1":5,"2":5},"b":{"0":[11,11],"1":[5,6],"2":[10,1],"3":[2,8]},"meta":{"lastBranch":4,"lastFunction":3,"lastStatement":6,"seen":{"f:6:16:6:35":0,"s:7:38:7:Infinity":0,"s:9:37:14:Infinity":1,"f:11:4:11:19":1,"s:11:19:11:Infinity":2,"f:11:44:11:49":2,"s:11:56:11:64":3,"s:16:26:16:Infinity":4,"b:16:26:16:42:16:42:16:Infinity":0,"s:18:2:45:Infinity":5,"b:23:10:27:11:27:10:31:Infinity":1,"b:36:10:40:11:40:10:44:Infinity":2,"b:36:135:36:205:36:205:36:Infinity":3},"fnNames":{}}}
,"A:\\GITHUB\\AI-Powered-Stateful-Personal-Firewall\\frontend\\src\\components\\DataTable.tsx": {"path":"A:\\GITHUB\\AI-Powered-Stateful-Personal-Firewall\\frontend\\src\\components\\DataTable.tsx","statementMap":{"0":{"start":{"line":28,"column":18},"end":{"line":28,"column":null}},"1":{"start":{"line":29,"column":19},"end":{"line":29,"column":null}},"2":{"start":{"line":30,"column":22},"end":{"line":30,"column":null}},"3":{"start":{"line":32,"column":8},"end":{"line":39,"column":null}},"4":{"start":{"line":33,"column":4},"end":{"line":38,"column":null}},"5":{"start":{"line":34,"column":6},"end":{"line":34,"column":null}},"6":{"start":{"line":36,"column":6},"end":{"line":36,"column":null}},"7":{"start":{"line":37,"column":6},"end":{"line":37,"column":null}},"8":{"start":{"line":41,"column":8},"end":{"line":46,"column":null}},"9":{"start":{"line":42,"column":4},"end":{"line":42,"column":null}},"10":{"start":{"line":43,"column":4},"end":{"line":45,"column":null}},"11":{"start":{"line":44,"column":6},"end":{"line":44,"column":null}},"12":{"start":{"line":49,"column":8},"end":{"line":72,"column":null}},"13":{"start":{"line":50,"column":17},"end":{"line":50,"column":null}},"14":{"start":{"line":52,"column":4},"end":{"line":59,"column":null}},"15":{"start":{"line":53,"column":25},"end":{"line":53,"column":null}},"16":{"start":{"line":54,"column":6},"end":{"line":58,"column":null}},"17":{"start":{"line":55,"column":8},"end":{"line":57,"column":null}},"18":{"start":{"line":56,"column":10},"end":{"line":56,"column":null}},"19":{"start":{"line":61,"column":4},"end":{"line":69,"column":null}},"20":{"start":{"line":62,"column":6},"end":{"line":68,"column":null}},"21":{"start":{"line":63,"column":21},"end":{"line":63,"column":null}},"22":{"start":{"line":64,"column":21},"end":{"line":64,"column":null}},"23":{"start":{"line":65,"column":8},"end":{"line":65,"column":null}},"24":{"start":{"line":65,"column":25},"end":{"line":65,"column":null}},"25":{"start":{"line":66,"column":8},"end":{"line":66,"column":null}},"26":{"start":{"line":66,"column":25},"end":{"line":66,"column":null}},"27":{"start":{"line":67,"column":8},"end":{"line":67,"column":null}},"28":{"start":{"line":71,"column":4},"end":{"line":71,"column":null}},"29":{"start":{"line":74,"column":8},"end":{"line":74,"column":null}},"30":{"start":{"line":75,"column":8},"end":{"line":80,"column":null}},"31":{"start":{"line":77,"column":28},"end":{"line":77,"column":null}},"32":{"start":{"line":78,"column":24},"end":{"line":78,"column":null}},"33":{"start":{"line":82,"column":2},"end":{"line":173,"column":null}},"34":{"start":{"line":104,"column":16},"end":{"line":117,"column":null}},"35":{"start":{"line":109,"column":33},"end":{"line":109,"column":null}},"36":{"start":{"line":142,"column":28},"end":{"line":142,"column":null}},"37":{"start":{"line":143,"column":16},"end":{"line":161,"column":null}},"38":{"start":{"line":153,"column":22},"end":{"line":159,"column":null}}},"fnMap":{"0":{"name":"DataTable","decl":{"start":{"line":21,"column":16},"end":{"line":21,"column":57}},"loc":{"start":{"line":27,"column":22},"end":{"line":175,"column":null}},"line":27},"1":{"name":"(anonymous_1)","decl":{"start":{"line":32,"column":8},"end":{"line":32,"column":22}},"loc":{"start":{"line":32,"column":38},"end":{"line":39,"column":null}},"line":32},"2":{"name":"(anonymous_2)","decl":{"start":{"line":41,"column":8},"end":{"line":41,"column":30}},"loc":{"start":{"line":41,"column":73},"end":{"line":46,"column":null}},"line":41},"3":{"name":"(anonymous_3)","decl":{"start":{"line":49,"column":24},"end":{"line":49,"column":38}},"loc":{"start":{"line":49,"column":38},"end":{"line":72,"column":5}},"line":49},"4":{"name":"(anonymous_4)","decl":{"start":{"line":54,"column":22},"end":{"line":54,"column":29}},"loc":{"start":{"line":55,"column":8},"end":{"line":57,"column":null}},"line":55},"5":{"name":"(anonymous_5)","decl":{"start":{"line":55,"column":28},"end":{"line":55,"column":33}},"loc":{"start":{"line":56,"column":10},"end":{"line":56,"column":null}},"line":56},"6":{"name":"(anonymous_6)","decl":{"start":{"line":62,"column":13},"end":{"line":62,"column":19}},"loc":{"start":{"line":62,"column":28},"end":{"line":68,"column":7}},"line":62},"7":{"name":"(anonymous_7)","decl":{"start":{"line":77,"column":4},"end":{"line":77,"column":28}},"loc":{"start":{"line":77,"column":28},"end":{"line":77,"column":null}},"line":77},"8":{"name":"(anonymous_8)","decl":{"start":{"line":78,"column":4},"end":{"line":78,"column":24}},"loc":{"start":{"line":78,"column":24},"end":{"line":78,"column":null}},"line":78},"9":{"name":"(anonymous_9)","decl":{"start":{"line":103,"column":23},"end":{"line":103,"column":28}},"loc":{"start":{"line":104,"column":16},"end":{"line":117,"column":null}},"line":104},"10":{"name":"(anonymous_10)","decl":{"start":{"line":109,"column":18},"end":{"line":109,"column":33}},"loc":{"start":{"line":109,"column":33},"end":{"line":109,"column":null}},"line":109},"11":{"name":"(anonymous_11)","decl":{"start":{"line":141,"column":47},"end":{"line":141,"column":52}},"loc":{"start":{"line":141,"column":67},"end":{"line":163,"column":15}},"line":141},"12":{"name":"(anonymous_12)","decl":{"start":{"line":152,"column":29},"end":{"line":152,"column":34}},"loc":{"start":{"line":153,"column":22},"end":{"line":159,"column":null}},"line":153}},"branchMap":{"0":{"loc":{"start":{"line":24,"column":2},"end":{"line":24,"column":null}},"type":"default-arg","locations":[{"start":{"line":24,"column":22},"end":{"line":24,"column":null}}],"line":24},"1":{"loc":{"start":{"line":33,"column":4},"end":{"line":38,"column":null}},"type":"if","locations":[{"start":{"line":33,"column":4},"end":{"line":38,"column":null}},{"start":{"line":35,"column":11},"end":{"line":38,"column":null}}],"line":33},"2":{"loc":{"start":{"line":43,"column":4},"end":{"line":45,"column":null}},"type":"if","locations":[{"start":{"line":43,"column":4},"end":{"line":45,"column":null}},{"start":{},"end":{}}],"line":43},"3":{"loc":{"start":{"line":52,"column":4},"end":{"line":59,"column":null}},"type":"if","locations":[{"start":{"line":52,"column":4},"end":{"line":59,"column":null}},{"start":{},"end":{}}],"line":52},"4":{"loc":{"start":{"line":52,"column":8},"end":{"line":52,"column":34}},"type":"binary-expr","locations":[{"start":{"line":52,"column":8},"end":{"line":52,"column":21}},{"start":{"line":52,"column":21},"end":{"line":52,"column":34}}],"line":52},"5":{"loc":{"start":{"line":61,"column":4},"end":{"line":69,"column":null}},"type":"if","locations":[{"start":{"line":61,"column":4},"end":{"line":69,"column":null}},{"start":{},"end":{}}],"line":61},"6":{"loc":{"start":{"line":65,"column":8},"end":{"line":65,"column":null}},"type":"if","locations":[{"start":{"line":65,"column":8},"end":{"line":65,"column":null}},{"start":{},"end":{}}],"line":65},"7":{"loc":{"start":{"line":65,"column":32},"end":{"line":65,"column":null}},"type":"cond-expr","locations":[{"start":{"line":65,"column":43},"end":{"line":65,"column":47}},{"start":{"line":65,"column":47},"end":{"line":65,"column":null}}],"line":65},"8":{"loc":{"start":{"line":66,"column":8},"end":{"line":66,"column":null}},"type":"if","locations":[{"start":{"line":66,"column":8},"end":{"line":66,"column":null}},{"start":{},"end":{}}],"line":66},"9":{"loc":{"start":{"line":66,"column":32},"end":{"line":66,"column":null}},"type":"cond-expr","locations":[{"start":{"line":66,"column":43},"end":{"line":66,"column":48}},{"start":{"line":66,"column":48},"end":{"line":66,"column":null}}],"line":66},"10":{"loc":{"start":{"line":107,"column":34},"end":{"line":107,"column":74}},"type":"binary-expr","locations":[{"start":{"line":107,"column":34},"end":{"line":107,"column":47}},{"start":{"line":107,"column":47},"end":{"line":107,"column":74}}],"line":107},"11":{"loc":{"start":{"line":108,"column":112},"end":{"line":108,"column":null}},"type":"cond-expr","locations":[{"start":{"line":108,"column":127},"end":{"line":108,"column":168}},{"start":{"line":108,"column":168},"end":{"line":108,"column":null}}],"line":108},"12":{"loc":{"start":{"line":109,"column":33},"end":{"line":109,"column":null}},"type":"binary-expr","locations":[{"start":{"line":109,"column":33},"end":{"line":109,"column":49}},{"start":{"line":109,"column":49},"end":{"line":109,"column":null}}],"line":109},"13":{"loc":{"start":{"line":113,"column":21},"end":{"line":116,"column":null}},"type":"binary-expr","locations":[{"start":{"line":113,"column":21},"end":{"line":113,"column":37}},{"start":{"line":113,"column":37},"end":{"line":113,"column":null}},{"start":{"line":114,"column":22},"end":{"line":116,"column":null}}],"line":113},"14":{"loc":{"start":{"line":114,"column":22},"end":{"line":116,"column":null}},"type":"cond-expr","locations":[{"start":{"line":114,"column":33},"end":{"line":114,"column":85}},{"start":{"line":114,"column":84},"end":{"line":116,"column":null}}],"line":114},"15":{"loc":{"start":{"line":125,"column":13},"end":{"line":163,"column":null}},"type":"cond-expr","locations":[{"start":{"line":126,"column":14},"end":{"line":134,"column":30}},{"start":{"line":134,"column":16},"end":{"line":163,"column":null}}],"line":125},"16":{"loc":{"start":{"line":134,"column":16},"end":{"line":163,"column":null}},"type":"cond-expr","locations":[{"start":{"line":135,"column":14},"end":{"line":141,"column":29}},{"start":{"line":141,"column":14},"end":{"line":163,"column":null}}],"line":134},"17":{"loc":{"start":{"line":155,"column":40},"end":{"line":155,"column":80}},"type":"binary-expr","locations":[{"start":{"line":155,"column":40},"end":{"line":155,"column":53}},{"start":{"line":155,"column":53},"end":{"line":155,"column":80}}],"line":155},"18":{"loc":{"start":{"line":158,"column":25},"end":{"line":158,"column":null}},"type":"cond-expr","locations":[{"start":{"line":158,"column":38},"end":{"line":158,"column":56}},{"start":{"line":158,"column":56},"end":{"line":158,"column":null}}],"line":158}},"s":{"0":15,"1":15,"2":15,"3":15,"4":2,"5":1,"6":1,"7":1,"8":15,"9":4,"10":4,"11":0,"12":15,"13":15,"14":15,"15":4,"16":4,"17":12,"18":20,"19":15,"20":2,"21":4,"22":4,"23":4,"24":0,"25":4,"26":4,"27":0,"28":15,"29":15,"30":15,"31":0,"32":0,"33":15,"34":50,"35":2,"36":21,"37":21,"38":52},"f":{"0":15,"1":2,"2":4,"3":15,"4":12,"5":20,"6":4,"7":0,"8":0,"9":50,"10":2,"11":21,"12":52},"b":{"0":[15],"1":[1,1],"2":[0,4],"3":[4,11],"4":[15,15],"5":[2,13],"6":[0,4],"7":[0,0],"8":[4,0],"9":[2,2],"10":[50,50],"11":[37,13],"12":[2,2],"13":[50,37,2],"14":[1,1],"15":[3,12],"16":[1,11],"17":[52,52],"18":[10,42]},"meta":{"lastBranch":19,"lastFunction":13,"lastStatement":39,"seen":{"f:21:16:21:57":0,"b:24:22:24:Infinity":0,"s:28:18:28:Infinity":0,"s:29:19:29:Infinity":1,"s:30:22:30:Infinity":2,"s:32:8:39:Infinity":3,"f:32:8:32:22":1,"b:33:4:38:Infinity:35:11:38:Infinity":1,"s:33:4:38:Infinity":4,"s:34:6:34:Infinity":5,"s:36:6:36:Infinity":6,"s:37:6:37:Infinity":7,"s:41:8:46:Infinity":8,"f:41:8:41:30":2,"s:42:4:42:Infinity":9,"b:43:4:45:Infinity:undefined:undefined:undefined:undefined":2,"s:43:4:45:Infinity":10,"s:44:6:44:Infinity":11,"s:49:8:72:Infinity":12,"f:49:24:49:38":3,"s:50:17:50:Infinity":13,"b:52:4:59:Infinity:undefined:undefined:undefined:undefined":3,"s:52:4:59:Infinity":14,"b:52:8:52:21:52:21:52:34":4,"s:53:25:53:Infinity":15,"s:54:6:58:Infinity":16,"f:54:22:54:29":4,"s:55:8:57:Infinity":17,"f:55:28:55:33":5,"s:56:10:56:Infinity":18,"b:61:4:69:Infinity:undefined:undefined:undefined:undefined":5,"s:61:4:69:Infinity":19,"s:62:6:68:Infinity":20,"f:62:13:62:19":6,"s:63:21:63:Infinity":21,"s:64:21:64:Infinity":22,"b:65:8:65:Infinity:undefined:undefined:undefined:undefined":6,"s:65:8:65:Infinity":23,"s:65:25:65:Infinity":24,"b:65:43:65:47:65:47:65:Infinity":7,"b:66:8:66:Infinity:undefined:undefined:undefined:undefined":8,"s:66:8:66:Infinity":25,"s:66:25:66:Infinity":26,"b:66:43:66:48:66:48:66:Infinity":9,"s:67:8:67:Infinity":27,"s:71:4:71:Infinity":28,"s:74:8:74:Infinity":29,"s:75:8:80:Infinity":30,"f:77:4:77:28":7,"s:77:28:77:Infinity":31,"f:78:4:78:24":8,"s:78:24:78:Infinity":32,"s:82:2:173:Infinity":33,"f:103:23:103:28":9,"s:104:16:117:Infinity":34,"b:107:34:107:47:107:47:107:74":10,"b:108:127:108:168:108:168:108:Infinity":11,"f:109:18:109:33":10,"s:109:33:109:Infinity":35,"b:109:33:109:49:109:49:109:Infinity":12,"b:113:21:113:37:113:37:113:Infinity:114:22:116:Infinity":13,"b:114:33:114:85:114:84:116:Infinity":14,"b:126:14:134:30:134:16:163:Infinity":15,"b:135:14:141:29:141:14:163:Infinity":16,"f:141:47:141:52":11,"s:142:28:142:Infinity":36,"s:143:16:161:Infinity":37,"f:152:29:152:34":12,"s:153:22:159:Infinity":38,"b:155:40:155:53:155:53:155:80":17,"b:158:38:158:56:158:56:158:Infinity":18},"fnNames":{}}}
,"A:\\GITHUB\\AI-Powered-Stateful-Personal-Firewall\\frontend\\src\\components\\GlobalErrorBoundary.tsx": {"path":"A:\\GITHUB\\AI-Powered-Stateful-Personal-Firewall\\frontend\\src\\components\\GlobalErrorBoundary.tsx","statementMap":{"0":{"start":{"line":5,"column":2},"end":{"line":22,"column":null}},"1":{"start":{"line":27,"column":2},"end":{"line":30,"column":null}}},"fnMap":{"0":{"name":"ErrorFallback","decl":{"start":{"line":4,"column":9},"end":{"line":4,"column":23}},"loc":{"start":{"line":4,"column":59},"end":{"line":24,"column":null}},"line":4},"1":{"name":"GlobalErrorBoundary","decl":{"start":{"line":26,"column":16},"end":{"line":26,"column":36}},"loc":{"start":{"line":26,"column":81},"end":{"line":32,"column":null}},"line":26}},"branchMap":{},"s":{"0":0,"1":1},"f":{"0":0,"1":1},"b":{},"meta":{"lastBranch":0,"lastFunction":2,"lastStatement":2,"seen":{"f:4:9:4:23":0,"s:5:2:22:Infinity":0,"f:26:16:26:36":1,"s:27:2:30:Infinity":1},"fnNames":{}}}
,"A:\\GITHUB\\AI-Powered-Stateful-Personal-Firewall\\frontend\\src\\components\\LoadingSpinner.tsx": {"path":"A:\\GITHUB\\AI-Powered-Stateful-Personal-Firewall\\frontend\\src\\components\\LoadingSpinner.tsx","statementMap":{"0":{"start":{"line":4,"column":2},"end":{"line":13,"column":null}}},"fnMap":{"0":{"name":"LoadingSpinner","decl":{"start":{"line":3,"column":16},"end":{"line":3,"column":33}},"loc":{"start":{"line":3,"column":33},"end":{"line":15,"column":null}},"line":3}},"branchMap":{},"s":{"0":2},"f":{"0":2},"b":{},"meta":{"lastBranch":0,"lastFunction":1,"lastStatement":1,"seen":{"f:3:16:3:33":0,"s:4:2:13:Infinity":0},"fnNames":{}}}
,"A:\\GITHUB\\AI-Powered-Stateful-Personal-Firewall\\frontend\\src\\components\\Modal.tsx": {"path":"A:\\GITHUB\\AI-Powered-Stateful-Personal-Firewall\\frontend\\src\\components\\Modal.tsx","statementMap":{"0":{"start":{"line":14,"column":2},"end":{"line":60,"column":null}}},"fnMap":{"0":{"name":"Modal","decl":{"start":{"line":13,"column":16},"end":{"line":13,"column":22}},"loc":{"start":{"line":13,"column":95},"end":{"line":62,"column":null}},"line":13}},"branchMap":{"0":{"loc":{"start":{"line":13,"column":58},"end":{"line":13,"column":95}},"type":"default-arg","locations":[{"start":{"line":13,"column":69},"end":{"line":13,"column":95}}],"line":13}},"s":{"0":15},"f":{"0":15},"b":{"0":[15]},"meta":{"lastBranch":1,"lastFunction":1,"lastStatement":1,"seen":{"f:13:16:13:22":0,"b:13:69:13:95":0,"s:14:2:60:Infinity":0},"fnNames":{}}}
,"A:\\GITHUB\\AI-Powered-Stateful-Personal-Firewall\\frontend\\src\\components\\NotificationHistory.tsx": {"path":"A:\\GITHUB\\AI-Powered-Stateful-Personal-Firewall\\frontend\\src\\components\\NotificationHistory.tsx","statementMap":{"0":{"start":{"line":14,"column":16},"end":{"line":14,"column":null}},"1":{"start":{"line":16,"column":26},"end":{"line":20,"column":null}},"2":{"start":{"line":18,"column":19},"end":{"line":18,"column":null}},"3":{"start":{"line":18,"column":71},"end":{"line":18,"column":79}},"4":{"start":{"line":22,"column":17},"end":{"line":22,"column":null}},"5":{"start":{"line":24,"column":8},"end":{"line":31,"column":null}},"6":{"start":{"line":25,"column":4},"end":{"line":30,"column":null}},"7":{"start":{"line":26,"column":23},"end":{"line":26,"column":null}},"8":{"start":{"line":27,"column":19},"end":{"line":27,"column":null}},"9":{"start":{"line":28,"column":21},"end":{"line":28,"column":null}},"10":{"start":{"line":29,"column":15},"end":{"line":29,"column":null}},"11":{"start":{"line":33,"column":2},"end":{"line":81,"column":null}},"12":{"start":{"line":48,"column":14},"end":{"line":66,"column":null}},"13":{"start":{"line":73,"column":29},"end":{"line":73,"column":null}},"14":{"start":{"line":73,"column":43},"end":{"line":73,"column":49}}},"fnMap":{"0":{"name":"NotificationHistory","decl":{"start":{"line":13,"column":16},"end":{"line":13,"column":36}},"loc":{"start":{"line":13,"column":83},"end":{"line":83,"column":null}},"line":13},"1":{"name":"(anonymous_1)","decl":{"start":{"line":18,"column":4},"end":{"line":18,"column":19}},"loc":{"start":{"line":18,"column":19},"end":{"line":18,"column":null}},"line":18},"2":{"name":"(anonymous_2)","decl":{"start":{"line":18,"column":59},"end":{"line":18,"column":64}},"loc":{"start":{"line":18,"column":71},"end":{"line":18,"column":79}},"line":18},"3":{"name":"(anonymous_3)","decl":{"start":{"line":24,"column":8},"end":{"line":24,"column":27}},"loc":{"start":{"line":24,"column":48},"end":{"line":31,"column":null}},"line":24},"4":{"name":"(anonymous_4)","decl":{"start":{"line":47,"column":19},"end":{"line":47,"column":24}},"loc":{"start":{"line":48,"column":14},"end":{"line":66,"column":null}},"line":48},"5":{"name":"(anonymous_5)","decl":{"start":{"line":73,"column":14},"end":{"line":73,"column":29}},"loc":{"start":{"line":73,"column":29},"end":{"line":73,"column":null}},"line":73},"6":{"name":"(anonymous_6)","decl":{"start":{"line":73,"column":29},"end":{"line":73,"column":38}},"loc":{"start":{"line":73,"column":43},"end":{"line":73,"column":49}},"line":73}},"branchMap":{"0":{"loc":{"start":{"line":22,"column":17},"end":{"line":22,"column":null}},"type":"binary-expr","locations":[{"start":{"line":22,"column":17},"end":{"line":22,"column":35}},{"start":{"line":22,"column":35},"end":{"line":22,"column":null}}],"line":22},"1":{"loc":{"start":{"line":25,"column":4},"end":{"line":30,"column":null}},"type":"switch","locations":[{"start":{"line":26,"column":6},"end":{"line":26,"column":null}},{"start":{"line":27,"column":6},"end":{"line":27,"column":null}},{"start":{"line":28,"column":6},"end":{"line":28,"column":null}},{"start":{"line":29,"column":6},"end":{"line":29,"column":null}}],"line":25},"2":{"loc":{"start":{"line":37,"column":11},"end":{"line":67,"column":null}},"type":"cond-expr","locations":[{"start":{"line":38,"column":12},"end":{"line":41,"column":21}},{"start":{"line":41,"column":14},"end":{"line":67,"column":null}}],"line":37},"3":{"loc":{"start":{"line":41,"column":14},"end":{"line":67,"column":null}},"type":"cond-expr","locations":[{"start":{"line":42,"column":12},"end":{"line":47,"column":19}},{"start":{"line":47,"column":12},"end":{"line":67,"column":null}}],"line":41},"4":{"loc":{"start":{"line":70,"column":9},"end":{"line":80,"column":null}},"type":"binary-expr","locations":[{"start":{"line":70,"column":9},"end":{"line":70,"column":null}},{"start":{"line":71,"column":10},"end":{"line":80,"column":null}}],"line":70}},"s":{"0":11,"1":11,"2":1,"3":1,"4":11,"5":11,"6":1,"7":0,"8":1,"9":0,"10":0,"11":11,"12":1,"13":0,"14":0},"f":{"0":11,"1":1,"2":1,"3":1,"4":1,"5":0,"6":0},"b":{"0":[11,10],"1":[0,1,0,0],"2":[1,10],"3":[9,1],"4":[11,0]},"meta":{"lastBranch":5,"lastFunction":7,"lastStatement":15,"seen":{"f:13:16:13:36":0,"s:14:16:14:Infinity":0,"s:16:26:20:Infinity":1,"f:18:4:18:19":1,"s:18:19:18:Infinity":2,"f:18:59:18:64":2,"s:18:71:18:79":3,"s:22:17:22:Infinity":4,"b:22:17:22:35:22:35:22:Infinity":0,"s:24:8:31:Infinity":5,"f:24:8:24:27":3,"b:26:6:26:Infinity:27:6:27:Infinity:28:6:28:Infinity:29:6:29:Infinity":1,"s:25:4:30:Infinity":6,"s:26:23:26:Infinity":7,"s:27:19:27:Infinity":8,"s:28:21:28:Infinity":9,"s:29:15:29:Infinity":10,"s:33:2:81:Infinity":11,"b:38:12:41:21:41:14:67:Infinity":2,"b:42:12:47:19:47:12:67:Infinity":3,"f:47:19:47:24":4,"s:48:14:66:Infinity":12,"b:70:9:70:Infinity:71:10:80:Infinity":4,"f:73:14:73:29":5,"s:73:29:73:Infinity":13,"f:73:29:73:38":6,"s:73:43:73:49":14},"fnNames":{}}}
,"A:\\GITHUB\\AI-Powered-Stateful-Personal-Firewall\\frontend\\src\\components\\ProtocolChart.tsx": {"path":"A:\\GITHUB\\AI-Powered-Stateful-Personal-Firewall\\frontend\\src\\components\\ProtocolChart.tsx","statementMap":{"0":{"start":{"line":7,"column":15},"end":{"line":7,"column":null}},"1":{"start":{"line":10,"column":2},"end":{"line":17,"column":null}},"2":{"start":{"line":11,"column":4},"end":{"line":15,"column":null}},"3":{"start":{"line":20,"column":20},"end":{"line":22,"column":null}},"4":{"start":{"line":21,"column":29},"end":{"line":21,"column":65}},"5":{"start":{"line":22,"column":20},"end":{"line":22,"column":37}},"6":{"start":{"line":24,"column":2},"end":{"line":52,"column":null}},"7":{"start":{"line":41,"column":16},"end":{"line":41,"column":null}}},"fnMap":{"0":{"name":"ProtocolChart","decl":{"start":{"line":9,"column":16},"end":{"line":9,"column":30}},"loc":{"start":{"line":9,"column":60},"end":{"line":54,"column":null}},"line":9},"1":{"name":"(anonymous_1)","decl":{"start":{"line":21,"column":5},"end":{"line":21,"column":10}},"loc":{"start":{"line":21,"column":29},"end":{"line":21,"column":65}},"line":21},"2":{"name":"(anonymous_2)","decl":{"start":{"line":22,"column":5},"end":{"line":22,"column":11}},"loc":{"start":{"line":22,"column":20},"end":{"line":22,"column":37}},"line":22},"3":{"name":"(anonymous_3)","decl":{"start":{"line":40,"column":25},"end":{"line":40,"column":30}},"loc":{"start":{"line":41,"column":16},"end":{"line":41,"column":null}},"line":41}},"branchMap":{"0":{"loc":{"start":{"line":10,"column":2},"end":{"line":17,"column":null}},"type":"if","locations":[{"start":{"line":10,"column":2},"end":{"line":17,"column":null}},{"start":{},"end":{}}],"line":10},"1":{"loc":{"start":{"line":10,"column":6},"end":{"line":10,"column":47}},"type":"binary-expr","locations":[{"start":{"line":10,"column":6},"end":{"line":10,"column":15}},{"start":{"line":10,"column":15},"end":{"line":10,"column":47}}],"line":10}},"s":{"0":3,"1":11,"2":6,"3":5,"4":14,"5":9,"6":5,"7":14},"f":{"0":11,"1":14,"2":9,"3":14},"b":{"0":[6,5],"1":[11,11]},"meta":{"lastBranch":2,"lastFunction":4,"lastStatement":8,"seen":{"s:7:15:7:Infinity":0,"f:9:16:9:30":0,"b:10:2:17:Infinity:undefined:undefined:undefined:undefined":0,"s:10:2:17:Infinity":1,"b:10:6:10:15:10:15:10:47":1,"s:11:4:15:Infinity":2,"s:20:20:22:Infinity":3,"f:21:5:21:10":1,"s:21:29:21:65":4,"f:22:5:22:11":2,"s:22:20:22:37":5,"s:24:2:52:Infinity":6,"f:40:25:40:30":3,"s:41:16:41:Infinity":7},"fnNames":{}}}
,"A:\\GITHUB\\AI-Powered-Stateful-Personal-Firewall\\frontend\\src\\components\\StatCard.tsx": {"path":"A:\\GITHUB\\AI-Powered-Stateful-Personal-Firewall\\frontend\\src\\components\\StatCard.tsx","statementMap":{"0":{"start":{"line":12,"column":2},"end":{"line":28,"column":null}}},"fnMap":{"0":{"name":"StatCard","decl":{"start":{"line":11,"column":16},"end":{"line":11,"column":25}},"loc":{"start":{"line":11,"column":80},"end":{"line":30,"column":null}},"line":11}},"branchMap":{"0":{"loc":{"start":{"line":16,"column":9},"end":{"line":17,"column":null}},"type":"binary-expr","locations":[{"start":{"line":16,"column":9},"end":{"line":16,"column":17}},{"start":{"line":16,"column":17},"end":{"line":17,"column":null}}],"line":16},"1":{"loc":{"start":{"line":20,"column":9},"end":{"line":25,"column":null}},"type":"binary-expr","locations":[{"start":{"line":20,"column":9},"end":{"line":20,"column":null}},{"start":{"line":21,"column":10},"end":{"line":25,"column":null}}],"line":20},"2":{"loc":{"start":{"line":21,"column":50},"end":{"line":21,"column":null}},"type":"cond-expr","locations":[{"start":{"line":21,"column":60},"end":{"line":21,"column":77}},{"start":{"line":21,"column":77},"end":{"line":21,"column":null}}],"line":21}},"s":{"0":41},"f":{"0":41},"b":{"0":[41,36],"1":[41,11],"2":[1,10]},"meta":{"lastBranch":3,"lastFunction":1,"lastStatement":1,"seen":{"f:11:16:11:25":0,"s:12:2:28:Infinity":0,"b:16:9:16:17:16:17:17:Infinity":0,"b:20:9:20:Infinity:21:10:25:Infinity":1,"b:21:60:21:77:21:77:21:Infinity":2},"fnNames":{}}}
,"A:\\GITHUB\\AI-Powered-Stateful-Personal-Firewall\\frontend\\src\\hooks\\useWebSocket.ts": {"path":"A:\\GITHUB\\AI-Powered-Stateful-Personal-Firewall\\frontend\\src\\hooks\\useWebSocket.ts","statementMap":{"0":{"start":{"line":10,"column":22},"end":{"line":10,"column":null}},"1":{"start":{"line":11,"column":22},"end":{"line":11,"column":null}},"2":{"start":{"line":12,"column":8},"end":{"line":12,"column":null}},"3":{"start":{"line":13,"column":8},"end":{"line":13,"column":null}},"4":{"start":{"line":14,"column":8},"end":{"line":14,"column":null}},"5":{"start":{"line":15,"column":28},"end":{"line":15,"column":null}},"6":{"start":{"line":17,"column":8},"end":{"line":73,"column":null}},"7":{"start":{"line":18,"column":4},"end":{"line":18,"column":null}},"8":{"start":{"line":18,"column":51},"end":{"line":18,"column":null}},"9":{"start":{"line":20,"column":18},"end":{"line":20,"column":null}},"10":{"start":{"line":21,"column":19},"end":{"line":21,"column":null}},"11":{"start":{"line":22,"column":24},"end":{"line":22,"column":null}},"12":{"start":{"line":24,"column":4},"end":{"line":24,"column":null}},"13":{"start":{"line":26,"column":4},"end":{"line":39,"column":null}},"14":{"start":{"line":27,"column":6},"end":{"line":27,"column":null}},"15":{"start":{"line":28,"column":6},"end":{"line":28,"column":null}},"16":{"start":{"line":29,"column":6},"end":{"line":31,"column":null}},"17":{"start":{"line":30,"column":8},"end":{"line":30,"column":null}},"18":{"start":{"line":34,"column":6},"end":{"line":38,"column":null}},"19":{"start":{"line":35,"column":8},"end":{"line":37,"column":null}},"20":{"start":{"line":36,"column":10},"end":{"line":36,"column":null}},"21":{"start":{"line":41,"column":4},"end":{"line":55,"column":null}},"22":{"start":{"line":42,"column":6},"end":{"line":42,"column":null}},"23":{"start":{"line":42,"column":33},"end":{"line":42,"column":null}},"24":{"start":{"line":44,"column":6},"end":{"line":54,"column":null}},"25":{"start":{"line":45,"column":38},"end":{"line":45,"column":null}},"26":{"start":{"line":46,"column":8},"end":{"line":46,"column":null}},"27":{"start":{"line":49,"column":8},"end":{"line":51,"column":null}},"28":{"start":{"line":50,"column":11},"end":{"line":50,"column":null}},"29":{"start":{"line":53,"column":8},"end":{"line":53,"column":null}},"30":{"start":{"line":57,"column":4},"end":{"line":67,"column":null}},"31":{"start":{"line":58,"column":6},"end":{"line":58,"column":null}},"32":{"start":{"line":59,"column":6},"end":{"line":59,"column":null}},"33":{"start":{"line":59,"column":37},"end":{"line":59,"column":null}},"34":{"start":{"line":62,"column":22},"end":{"line":62,"column":null}},"35":{"start":{"line":63,"column":6},"end":{"line":66,"column":null}},"36":{"start":{"line":64,"column":8},"end":{"line":64,"column":null}},"37":{"start":{"line":64,"column":37},"end":{"line":64,"column":45}},"38":{"start":{"line":65,"column":8},"end":{"line":65,"column":null}},"39":{"start":{"line":69,"column":4},"end":{"line":72,"column":null}},"40":{"start":{"line":70,"column":6},"end":{"line":70,"column":null}},"41":{"start":{"line":71,"column":6},"end":{"line":71,"column":null}},"42":{"start":{"line":75,"column":2},"end":{"line":84,"column":null}},"43":{"start":{"line":76,"column":4},"end":{"line":76,"column":null}},"44":{"start":{"line":77,"column":4},"end":{"line":83,"column":null}},"45":{"start":{"line":78,"column":6},"end":{"line":78,"column":null}},"46":{"start":{"line":78,"column":36},"end":{"line":78,"column":null}},"47":{"start":{"line":79,"column":6},"end":{"line":79,"column":null}},"48":{"start":{"line":79,"column":37},"end":{"line":79,"column":null}},"49":{"start":{"line":80,"column":6},"end":{"line":82,"column":null}},"50":{"start":{"line":81,"column":8},"end":{"line":81,"column":null}},"51":{"start":{"line":86,"column":2},"end":{"line":86,"column":null}}},"fnMap":{"0":{"name":"useWebSocket","decl":{"start":{"line":9,"column":16},"end":{"line":9,"column":31}},"loc":{"start":{"line":9,"column":31},"end":{"line":87,"column":null}},"line":9},"1":{"name":"(anonymous_1)","decl":{"start":{"line":17,"column":18},"end":{"line":17,"column":36}},"loc":{"start":{"line":17,"column":36},"end":{"line":73,"column":5}},"line":17},"2":{"name":"(anonymous_2)","decl":{"start":{"line":26,"column":15},"end":{"line":26,"column":30}},"loc":{"start":{"line":26,"column":30},"end":{"line":39,"column":null}},"line":26},"3":{"name":"(anonymous_3)","decl":{"start":{"line":34,"column":34},"end":{"line":34,"column":52}},"loc":{"start":{"line":34,"column":52},"end":{"line":38,"column":9}},"line":34},"4":{"name":"(anonymous_4)","decl":{"start":{"line":41,"column":15},"end":{"line":41,"column":28}},"loc":{"start":{"line":41,"column":38},"end":{"line":55,"column":null}},"line":41},"5":{"name":"(anonymous_5)","decl":{"start":{"line":57,"column":15},"end":{"line":57,"column":31}},"loc":{"start":{"line":57,"column":31},"end":{"line":67,"column":null}},"line":57},"6":{"name":"(anonymous_6)","decl":{"start":{"line":63,"column":33},"end":{"line":63,"column":50}},"loc":{"start":{"line":63,"column":50},"end":{"line":66,"column":9}},"line":63},"7":{"name":"(anonymous_7)","decl":{"start":{"line":64,"column":8},"end":{"line":64,"column":29}},"loc":{"start":{"line":64,"column":37},"end":{"line":64,"column":45}},"line":64},"8":{"name":"(anonymous_8)","decl":{"start":{"line":69,"column":15},"end":{"line":69,"column":26}},"loc":{"start":{"line":69,"column":36},"end":{"line":72,"column":null}},"line":69},"9":{"name":"(anonymous_9)","decl":{"start":{"line":75,"column":2},"end":{"line":75,"column":18}},"loc":{"start":{"line":75,"column":18},"end":{"line":84,"column":5}},"line":75},"10":{"name":"(anonymous_10)","decl":{"start":{"line":77,"column":4},"end":{"line":77,"column":17}},"loc":{"start":{"line":77,"column":17},"end":{"line":83,"column":null}},"line":77}},"branchMap":{"0":{"loc":{"start":{"line":18,"column":4},"end":{"line":18,"column":null}},"type":"if","locations":[{"start":{"line":18,"column":4},"end":{"line":18,"column":null}},{"start":{},"end":{}}],"line":18},"1":{"loc":{"start":{"line":20,"column":18},"end":{"line":20,"column":null}},"type":"binary-expr","locations":[{"start":{"line":20,"column":18},"end":{"line":20,"column":49}},{"start":{"line":20,"column":49},"end":{"line":20,"column":null}}],"line":20},"2":{"loc":{"start":{"line":21,"column":19},"end":{"line":21,"column":null}},"type":"binary-expr","locations":[{"start":{"line":21,"column":19},"end":{"line":21,"column":51}},{"start":{"line":21,"column":51},"end":{"line":21,"column":null}}],"line":21},"3":{"loc":{"start":{"line":29,"column":6},"end":{"line":31,"column":null}},"type":"if","locations":[{"start":{"line":29,"column":6},"end":{"line":31,"column":null}},{"start":{},"end":{}}],"line":29},"4":{"loc":{"start":{"line":35,"column":8},"end":{"line":37,"column":null}},"type":"if","locations":[{"start":{"line":35,"column":8},"end":{"line":37,"column":null}},{"start":{},"end":{}}],"line":35},"5":{"loc":{"start":{"line":42,"column":6},"end":{"line":42,"column":null}},"type":"if","locations":[{"start":{"line":42,"column":6},"end":{"line":42,"column":null}},{"start":{},"end":{}}],"line":42},"6":{"loc":{"start":{"line":49,"column":8},"end":{"line":51,"column":null}},"type":"if","locations":[{"start":{"line":49,"column":8},"end":{"line":51,"column":null}},{"start":{},"end":{}}],"line":49},"7":{"loc":{"start":{"line":49,"column":12},"end":{"line":49,"column":87}},"type":"binary-expr","locations":[{"start":{"line":49,"column":12},"end":{"line":49,"column":37}},{"start":{"line":49,"column":37},"end":{"line":49,"column":87}}],"line":49},"8":{"loc":{"start":{"line":59,"column":6},"end":{"line":59,"column":null}},"type":"if","locations":[{"start":{"line":59,"column":6},"end":{"line":59,"column":null}},{"start":{},"end":{}}],"line":59},"9":{"loc":{"start":{"line":78,"column":6},"end":{"line":78,"column":null}},"type":"if","locations":[{"start":{"line":78,"column":6},"end":{"line":78,"column":null}},{"start":{},"end":{}}],"line":78},"10":{"loc":{"start":{"line":79,"column":6},"end":{"line":79,"column":null}},"type":"if","locations":[{"start":{"line":79,"column":6},"end":{"line":79,"column":null}},{"start":{},"end":{}}],"line":79},"11":{"loc":{"start":{"line":80,"column":6},"end":{"line":82,"column":null}},"type":"if","locations":[{"start":{"line":80,"column":6},"end":{"line":82,"column":null}},{"start":{},"end":{}}],"line":80}},"s":{"0":9,"1":9,"2":9,"3":9,"4":9,"5":9,"6":9,"7":5,"8":0,"9":5,"10":5,"11":5,"12":5,"13":5,"14":4,"15":4,"16":4,"17":0,"18":4,"19":0,"20":0,"21":5,"22":1,"23":0,"24":1,"25":1,"26":1,"27":1,"28":0,"29":0,"30":5,"31":4,"32":4,"33":3,"34":4,"35":4,"36":0,"37":0,"38":0,"39":5,"40":4,"41":4,"42":9,"43":5,"44":5,"45":5,"46":0,"47":5,"48":4,"49":5,"50":5,"51":9},"f":{"0":9,"1":5,"2":4,"3":0,"4":1,"5":4,"6":0,"7":0,"8":4,"9":5,"10":5},"b":{"0":[0,5],"1":[5,0],"2":[5,0],"3":[0,4],"4":[0,0],"5":[0,1],"6":[0,1],"7":[1,1],"8":[3,1],"9":[0,5],"10":[4,1],"11":[5,0]},"meta":{"lastBranch":12,"lastFunction":11,"lastStatement":52,"seen":{"f:9:16:9:31":0,"s:10:22:10:Infinity":0,"s:11:22:11:Infinity":1,"s:12:8:12:Infinity":2,"s:13:8:13:Infinity":3,"s:14:8:14:Infinity":4,"s:15:28:15:Infinity":5,"s:17:8:73:Infinity":6,"f:17:18:17:36":1,"b:18:4:18:Infinity:undefined:undefined:undefined:undefined":0,"s:18:4:18:Infinity":7,"s:18:51:18:Infinity":8,"s:20:18:20:Infinity":9,"b:20:18:20:49:20:49:20:Infinity":1,"s:21:19:21:Infinity":10,"b:21:19:21:51:21:51:21:Infinity":2,"s:22:24:22:Infinity":11,"s:24:4:24:Infinity":12,"s:26:4:39:Infinity":13,"f:26:15:26:30":2,"s:27:6:27:Infinity":14,"s:28:6:28:Infinity":15,"b:29:6:31:Infinity:undefined:undefined:undefined:undefined":3,"s:29:6:31:Infinity":16,"s:30:8:30:Infinity":17,"s:34:6:38:Infinity":18,"f:34:34:34:52":3,"b:35:8:37:Infinity:undefined:undefined:undefined:undefined":4,"s:35:8:37:Infinity":19,"s:36:10:36:Infinity":20,"s:41:4:55:Infinity":21,"f:41:15:41:28":4,"b:42:6:42:Infinity:undefined:undefined:undefined:undefined":5,"s:42:6:42:Infinity":22,"s:42:33:42:Infinity":23,"s:44:6:54:Infinity":24,"s:45:38:45:Infinity":25,"s:46:8:46:Infinity":26,"b:49:8:51:Infinity:undefined:undefined:undefined:undefined":6,"s:49:8:51:Infinity":27,"b:49:12:49:37:49:37:49:87":7,"s:50:11:50:Infinity":28,"s:53:8:53:Infinity":29,"s:57:4:67:Infinity":30,"f:57:15:57:31":5,"s:58:6:58:Infinity":31,"b:59:6:59:Infinity:undefined:undefined:undefined:undefined":8,"s:59:6:59:Infinity":32,"s:59:37:59:Infinity":33,"s:62:22:62:Infinity":34,"s:63:6:66:Infinity":35,"f:63:33:63:50":6,"s:64:8:64:Infinity":36,"f:64:8:64:29":7,"s:64:37:64:45":37,"s:65:8:65:Infinity":38,"s:69:4:72:Infinity":39,"f:69:15:69:26":8,"s:70:6:70:Infinity":40,"s:71:6:71:Infinity":41,"s:75:2:84:Infinity":42,"f:75:2:75:18":9,"s:76:4:76:Infinity":43,"s:77:4:83:Infinity":44,"f:77:4:77:17":10,"b:78:6:78:Infinity:undefined:undefined:undefined:undefined":9,"s:78:6:78:Infinity":45,"s:78:36:78:Infinity":46,"b:79:6:79:Infinity:undefined:undefined:undefined:undefined":10,"s:79:6:79:Infinity":47,"s:79:37:79:Infinity":48,"b:80:6:82:Infinity:undefined:undefined:undefined:undefined":11,"s:80:6:82:Infinity":49,"s:81:8:81:Infinity":50,"s:86:2:86:Infinity":51},"fnNames":{}}}
,"A:\\GITHUB\\AI-Powered-Stateful-Personal-Firewall\\frontend\\src\\layouts\\DashboardLayout.tsx": {"path":"A:\\GITHUB\\AI-Powered-Stateful-Personal-Firewall\\frontend\\src\\layouts\\DashboardLayout.tsx","statementMap":{"0":{"start":{"line":7,"column":19},"end":{"line":15,"column":null}},"1":{"start":{"line":18,"column":23},"end":{"line":18,"column":null}},"2":{"start":{"line":19,"column":18},"end":{"line":19,"column":null}},"3":{"start":{"line":20,"column":10},"end":{"line":20,"column":null}},"4":{"start":{"line":22,"column":2},"end":{"line":93,"column":null}},"5":{"start":{"line":37,"column":14},"end":{"line":52,"column":null}},"6":{"start":{"line":41,"column":20},"end":{"line":44,"column":null}}},"fnMap":{"0":{"name":"DashboardLayout","decl":{"start":{"line":17,"column":16},"end":{"line":17,"column":34}},"loc":{"start":{"line":17,"column":34},"end":{"line":95,"column":null}},"line":17},"1":{"name":"(anonymous_1)","decl":{"start":{"line":36,"column":24},"end":{"line":36,"column":29}},"loc":{"start":{"line":37,"column":14},"end":{"line":52,"column":null}},"line":37},"2":{"name":"(anonymous_2)","decl":{"start":{"line":40,"column":18},"end":{"line":40,"column":30}},"loc":{"start":{"line":41,"column":20},"end":{"line":44,"column":null}},"line":41}},"branchMap":{"0":{"loc":{"start":{"line":26,"column":22},"end":{"line":26,"column":52}},"type":"cond-expr","locations":[{"start":{"line":26,"column":36},"end":{"line":26,"column":45}},{"start":{"line":26,"column":45},"end":{"line":26,"column":52}}],"line":26},"1":{"loc":{"start":{"line":31,"column":11},"end":{"line":32,"column":null}},"type":"binary-expr","locations":[{"start":{"line":31,"column":11},"end":{"line":31,"column":26}},{"start":{"line":31,"column":26},"end":{"line":32,"column":null}}],"line":31},"2":{"loc":{"start":{"line":42,"column":22},"end":{"line":44,"column":null}},"type":"cond-expr","locations":[{"start":{"line":43,"column":26},"end":{"line":43,"column":null}},{"start":{"line":44,"column":26},"end":{"line":44,"column":null}}],"line":42},"3":{"loc":{"start":{"line":47,"column":25},"end":{"line":47,"column":null}},"type":"cond-expr","locations":[{"start":{"line":47,"column":40},"end":{"line":47,"column":52}},{"start":{"line":47,"column":52},"end":{"line":47,"column":null}}],"line":47},"4":{"loc":{"start":{"line":50,"column":19},"end":{"line":51,"column":null}},"type":"binary-expr","locations":[{"start":{"line":50,"column":19},"end":{"line":50,"column":34}},{"start":{"line":50,"column":34},"end":{"line":51,"column":null}}],"line":50},"5":{"loc":{"start":{"line":74,"column":15},"end":{"line":74,"column":null}},"type":"cond-expr","locations":[{"start":{"line":74,"column":24},"end":{"line":74,"column":55}},{"start":{"line":74,"column":54},"end":{"line":74,"column":null}}],"line":74},"6":{"loc":{"start":{"line":79,"column":19},"end":{"line":80,"column":19}},"type":"binary-expr","locations":[{"start":{"line":79,"column":19},"end":{"line":79,"column":34}},{"start":{"line":79,"column":34},"end":{"line":80,"column":19}}],"line":79},"7":{"loc":{"start":{"line":80,"column":80},"end":{"line":80,"column":130}},"type":"cond-expr","locations":[{"start":{"line":80,"column":94},"end":{"line":80,"column":109}},{"start":{"line":80,"column":109},"end":{"line":80,"column":130}}],"line":80},"8":{"loc":{"start":{"line":83,"column":19},"end":{"line":83,"column":null}},"type":"cond-expr","locations":[{"start":{"line":83,"column":33},"end":{"line":83,"column":44}},{"start":{"line":83,"column":44},"end":{"line":83,"column":null}}],"line":83}},"s":{"0":2,"1":4,"2":4,"3":4,"4":4,"5":28,"6":28},"f":{"0":4,"1":28,"2":28},"b":{"0":[4,0],"1":[4,4],"2":[4,24],"3":[0,28],"4":[28,28],"5":[4,0],"6":[4,0],"7":[0,4],"8":[0,4]},"meta":{"lastBranch":9,"lastFunction":3,"lastStatement":7,"seen":{"s:7:19:15:Infinity":0,"f:17:16:17:34":0,"s:18:23:18:Infinity":1,"s:19:18:19:Infinity":2,"s:20:10:20:Infinity":3,"s:22:2:93:Infinity":4,"b:26:36:26:45:26:45:26:52":0,"b:31:11:31:26:31:26:32:Infinity":1,"f:36:24:36:29":1,"s:37:14:52:Infinity":5,"f:40:18:40:30":2,"s:41:20:44:Infinity":6,"b:43:26:43:Infinity:44:26:44:Infinity":2,"b:47:40:47:52:47:52:47:Infinity":3,"b:50:19:50:34:50:34:51:Infinity":4,"b:74:24:74:55:74:54:74:Infinity":5,"b:79:19:79:34:79:34:80:19":6,"b:80:94:80:109:80:109:80:130":7,"b:83:33:83:44:83:44:83:Infinity":8},"fnNames":{}}}
,"A:\\GITHUB\\AI-Powered-Stateful-Personal-Firewall\\frontend\\src\\pages\\Alerts.tsx": {"path":"A:\\GITHUB\\AI-Powered-Stateful-Personal-Firewall\\frontend\\src\\pages\\Alerts.tsx","statementMap":{"0":{"start":{"line":9,"column":25},"end":{"line":9,"column":null}},"1":{"start":{"line":11,"column":26},"end":{"line":20,"column":null}},"2":{"start":{"line":14,"column":21},"end":{"line":14,"column":null}},"3":{"start":{"line":15,"column":6},"end":{"line":15,"column":null}},"4":{"start":{"line":16,"column":6},"end":{"line":16,"column":null}},"5":{"start":{"line":16,"column":26},"end":{"line":16,"column":null}},"6":{"start":{"line":17,"column":6},"end":{"line":17,"column":null}},"7":{"start":{"line":17,"column":71},"end":{"line":17,"column":79}},"8":{"start":{"line":22,"column":30},"end":{"line":22,"column":null}},"9":{"start":{"line":24,"column":39},"end":{"line":64,"column":null}},"10":{"start":{"line":29,"column":15},"end":{"line":29,"column":null}},"11":{"start":{"line":36,"column":23},"end":{"line":41,"column":null}},"12":{"start":{"line":42,"column":27},"end":{"line":42,"column":null}},"13":{"start":{"line":43,"column":8},"end":{"line":46,"column":null}},"14":{"start":{"line":59,"column":8},"end":{"line":61,"column":null}},"15":{"start":{"line":66,"column":2},"end":{"line":97,"column":null}},"16":{"start":{"line":77,"column":29},"end":{"line":77,"column":null}}},"fnMap":{"0":{"name":"Alerts","decl":{"start":{"line":8,"column":16},"end":{"line":8,"column":25}},"loc":{"start":{"line":8,"column":25},"end":{"line":99,"column":null}},"line":8},"1":{"name":"(anonymous_1)","decl":{"start":{"line":13,"column":4},"end":{"line":13,"column":19}},"loc":{"start":{"line":13,"column":19},"end":{"line":18,"column":null}},"line":13},"2":{"name":"(anonymous_2)","decl":{"start":{"line":17,"column":59},"end":{"line":17,"column":64}},"loc":{"start":{"line":17,"column":71},"end":{"line":17,"column":79}},"line":17},"3":{"name":"(anonymous_3)","decl":{"start":{"line":29,"column":6},"end":{"line":29,"column":15}},"loc":{"start":{"line":29,"column":15},"end":{"line":29,"column":null}},"line":29},"4":{"name":"(anonymous_4)","decl":{"start":{"line":35,"column":6},"end":{"line":35,"column":15}},"loc":{"start":{"line":35,"column":23},"end":{"line":48,"column":null}},"line":35},"5":{"name":"(anonymous_5)","decl":{"start":{"line":58,"column":6},"end":{"line":58,"column":15}},"loc":{"start":{"line":59,"column":8},"end":{"line":61,"column":null}},"line":59},"6":{"name":"(anonymous_6)","decl":{"start":{"line":77,"column":12},"end":{"line":77,"column":23}},"loc":{"start":{"line":77,"column":29},"end":{"line":77,"column":null}},"line":77}},"branchMap":{"0":{"loc":{"start":{"line":16,"column":6},"end":{"line":16,"column":null}},"type":"if","locations":[{"start":{"line":16,"column":6},"end":{"line":16,"column":null}},{"start":{},"end":{}}],"line":16},"1":{"loc":{"start":{"line":22,"column":30},"end":{"line":22,"column":null}},"type":"binary-expr","locations":[{"start":{"line":22,"column":30},"end":{"line":22,"column":48}},{"start":{"line":22,"column":48},"end":{"line":22,"column":null}}],"line":22},"2":{"loc":{"start":{"line":42,"column":27},"end":{"line":42,"column":null}},"type":"binary-expr","locations":[{"start":{"line":42,"column":27},"end":{"line":42,"column":51}},{"start":{"line":42,"column":51},"end":{"line":42,"column":null}}],"line":42}},"s":{"0":2,"1":2,"2":1,"3":1,"4":1,"5":0,"6":1,"7":1,"8":2,"9":2,"10":1,"11":1,"12":1,"13":1,"14":1,"15":2,"16":0},"f":{"0":2,"1":1,"2":1,"3":1,"4":1,"5":1,"6":0},"b":{"0":[0,1],"1":[2,1],"2":[1,0]},"meta":{"lastBranch":3,"lastFunction":7,"lastStatement":17,"seen":{"f:8:16:8:25":0,"s:9:25:9:Infinity":0,"s:11:26:20:Infinity":1,"f:13:4:13:19":1,"s:14:21:14:Infinity":2,"s:15:6:15:Infinity":3,"b:16:6:16:Infinity:undefined:undefined:undefined:undefined":0,"s:16:6:16:Infinity":4,"s:16:26:16:Infinity":5,"s:17:6:17:Infinity":6,"f:17:59:17:64":2,"s:17:71:17:79":7,"s:22:30:22:Infinity":8,"b:22:30:22:48:22:48:22:Infinity":1,"s:24:39:64:Infinity":9,"f:29:6:29:15":3,"s:29:15:29:Infinity":10,"f:35:6:35:15":4,"s:36:23:41:Infinity":11,"s:42:27:42:Infinity":12,"b:42:27:42:51:42:51:42:Infinity":2,"s:43:8:46:Infinity":13,"f:58:6:58:15":5,"s:59:8:61:Infinity":14,"s:66:2:97:Infinity":15,"f:77:12:77:23":6,"s:77:29:77:Infinity":16},"fnNames":{}}}
,"A:\\GITHUB\\AI-Powered-Stateful-Personal-Firewall\\frontend\\src\\pages\\Analytics.tsx": {"path":"A:\\GITHUB\\AI-Powered-Stateful-Personal-Firewall\\frontend\\src\\pages\\Analytics.tsx","statementMap":{"0":{"start":{"line":6,"column":16},"end":{"line":10,"column":null}},"1":{"start":{"line":8,"column":19},"end":{"line":8,"column":null}},"2":{"start":{"line":8,"column":61},"end":{"line":8,"column":69}},"3":{"start":{"line":12,"column":16},"end":{"line":16,"column":null}},"4":{"start":{"line":14,"column":19},"end":{"line":14,"column":null}},"5":{"start":{"line":14,"column":63},"end":{"line":14,"column":71}},"6":{"start":{"line":18,"column":21},"end":{"line":18,"column":null}},"7":{"start":{"line":19,"column":23},"end":{"line":19,"column":null}},"8":{"start":{"line":21,"column":2},"end":{"line":79,"column":null}},"9":{"start":{"line":41,"column":94},"end":{"line":41,"column":134}},"10":{"start":{"line":46,"column":45},"end":{"line":46,"column":null}},"11":{"start":{"line":70,"column":45},"end":{"line":70,"column":null}}},"fnMap":{"0":{"name":"Analytics","decl":{"start":{"line":5,"column":16},"end":{"line":5,"column":28}},"loc":{"start":{"line":5,"column":28},"end":{"line":81,"column":null}},"line":5},"1":{"name":"(anonymous_1)","decl":{"start":{"line":8,"column":4},"end":{"line":8,"column":19}},"loc":{"start":{"line":8,"column":19},"end":{"line":8,"column":null}},"line":8},"2":{"name":"(anonymous_2)","decl":{"start":{"line":8,"column":49},"end":{"line":8,"column":54}},"loc":{"start":{"line":8,"column":61},"end":{"line":8,"column":69}},"line":8},"3":{"name":"(anonymous_3)","decl":{"start":{"line":14,"column":4},"end":{"line":14,"column":19}},"loc":{"start":{"line":14,"column":19},"end":{"line":14,"column":null}},"line":14},"4":{"name":"(anonymous_4)","decl":{"start":{"line":14,"column":51},"end":{"line":14,"column":56}},"loc":{"start":{"line":14,"column":63},"end":{"line":14,"column":71}},"line":14},"5":{"name":"(anonymous_5)","decl":{"start":{"line":41,"column":70},"end":{"line":41,"column":86}},"loc":{"start":{"line":41,"column":94},"end":{"line":41,"column":134}},"line":41},"6":{"name":"(anonymous_6)","decl":{"start":{"line":46,"column":20},"end":{"line":46,"column":32}},"loc":{"start":{"line":46,"column":45},"end":{"line":46,"column":null}},"line":46},"7":{"name":"(anonymous_7)","decl":{"start":{"line":70,"column":20},"end":{"line":70,"column":32}},"loc":{"start":{"line":70,"column":45},"end":{"line":70,"column":null}},"line":70}},"branchMap":{"0":{"loc":{"start":{"line":18,"column":21},"end":{"line":18,"column":null}},"type":"binary-expr","locations":[{"start":{"line":18,"column":21},"end":{"line":18,"column":44}},{"start":{"line":18,"column":44},"end":{"line":18,"column":null}}],"line":18},"1":{"loc":{"start":{"line":19,"column":23},"end":{"line":19,"column":null}},"type":"binary-expr","locations":[{"start":{"line":19,"column":23},"end":{"line":19,"column":48}},{"start":{"line":19,"column":48},"end":{"line":19,"column":null}}],"line":19},"2":{"loc":{"start":{"line":34,"column":11},"end":{"line":53,"column":null}},"type":"cond-expr","locations":[{"start":{"line":35,"column":12},"end":{"line":37,"column":13}},{"start":{"line":37,"column":12},"end":{"line":53,"column":null}}],"line":34},"3":{"loc":{"start":{"line":58,"column":11},"end":{"line":77,"column":null}},"type":"cond-expr","locations":[{"start":{"line":59,"column":12},"end":{"line":61,"column":13}},{"start":{"line":61,"column":12},"end":{"line":77,"column":null}}],"line":58}},"s":{"0":1,"1":1,"2":1,"3":1,"4":1,"5":1,"6":1,"7":1,"8":1,"9":0,"10":0,"11":0},"f":{"0":1,"1":1,"2":1,"3":1,"4":1,"5":0,"6":0,"7":0},"b":{"0":[1,1],"1":[1,1],"2":[1,0],"3":[1,0]},"meta":{"lastBranch":4,"lastFunction":8,"lastStatement":12,"seen":{"f:5:16:5:28":0,"s:6:16:10:Infinity":0,"f:8:4:8:19":1,"s:8:19:8:Infinity":1,"f:8:49:8:54":2,"s:8:61:8:69":2,"s:12:16:16:Infinity":3,"f:14:4:14:19":3,"s:14:19:14:Infinity":4,"f:14:51:14:56":4,"s:14:63:14:71":5,"s:18:21:18:Infinity":6,"b:18:21:18:44:18:44:18:Infinity":0,"s:19:23:19:Infinity":7,"b:19:23:19:48:19:48:19:Infinity":1,"s:21:2:79:Infinity":8,"b:35:12:37:13:37:12:53:Infinity":2,"f:41:70:41:86":5,"s:41:94:41:134":9,"f:46:20:46:32":6,"s:46:45:46:Infinity":10,"b:59:12:61:13:61:12:77:Infinity":3,"f:70:20:70:32":7,"s:70:45:70:Infinity":11},"fnNames":{}}}
,"A:\\GITHUB\\AI-Powered-Stateful-Personal-Firewall\\frontend\\src\\pages\\Connections.tsx": {"path":"A:\\GITHUB\\AI-Powered-Stateful-Personal-Firewall\\frontend\\src\\pages\\Connections.tsx","statementMap":{"0":{"start":{"line":21,"column":26},"end":{"line":25,"column":null}},"1":{"start":{"line":23,"column":19},"end":{"line":23,"column":null}},"2":{"start":{"line":23,"column":71},"end":{"line":23,"column":79}},"3":{"start":{"line":27,"column":40},"end":{"line":27,"column":null}},"4":{"start":{"line":29,"column":8},"end":{"line":35,"column":null}},"5":{"start":{"line":30,"column":4},"end":{"line":30,"column":null}},"6":{"start":{"line":30,"column":21},"end":{"line":30,"column":null}},"7":{"start":{"line":31,"column":14},"end":{"line":31,"column":null}},"8":{"start":{"line":32,"column":18},"end":{"line":32,"column":null}},"9":{"start":{"line":33,"column":14},"end":{"line":33,"column":null}},"10":{"start":{"line":34,"column":4},"end":{"line":34,"column":null}},"11":{"start":{"line":37,"column":44},"end":{"line":93,"column":null}},"12":{"start":{"line":42,"column":15},"end":{"line":42,"column":null}},"13":{"start":{"line":48,"column":23},"end":{"line":48,"column":null}},"14":{"start":{"line":54,"column":23},"end":{"line":54,"column":null}},"15":{"start":{"line":60,"column":23},"end":{"line":60,"column":null}},"16":{"start":{"line":67,"column":8},"end":{"line":73,"column":null}},"17":{"start":{"line":80,"column":23},"end":{"line":80,"column":null}},"18":{"start":{"line":87,"column":8},"end":{"line":90,"column":null}},"19":{"start":{"line":95,"column":2},"end":{"line":112,"column":null}}},"fnMap":{"0":{"name":"Connections","decl":{"start":{"line":20,"column":16},"end":{"line":20,"column":30}},"loc":{"start":{"line":20,"column":30},"end":{"line":114,"column":null}},"line":20},"1":{"name":"(anonymous_1)","decl":{"start":{"line":23,"column":4},"end":{"line":23,"column":19}},"loc":{"start":{"line":23,"column":19},"end":{"line":23,"column":null}},"line":23},"2":{"name":"(anonymous_2)","decl":{"start":{"line":23,"column":59},"end":{"line":23,"column":64}},"loc":{"start":{"line":23,"column":71},"end":{"line":23,"column":79}},"line":23},"3":{"name":"(anonymous_3)","decl":{"start":{"line":29,"column":8},"end":{"line":29,"column":23}},"loc":{"start":{"line":29,"column":41},"end":{"line":35,"column":null}},"line":29},"4":{"name":"(anonymous_4)","decl":{"start":{"line":42,"column":6},"end":{"line":42,"column":15}},"loc":{"start":{"line":42,"column":15},"end":{"line":42,"column":null}},"line":42},"5":{"name":"(anonymous_5)","decl":{"start":{"line":48,"column":6},"end":{"line":48,"column":15}},"loc":{"start":{"line":48,"column":23},"end":{"line":48,"column":null}},"line":48},"6":{"name":"(anonymous_6)","decl":{"start":{"line":54,"column":6},"end":{"line":54,"column":15}},"loc":{"start":{"line":54,"column":23},"end":{"line":54,"column":null}},"line":54},"7":{"name":"(anonymous_7)","decl":{"start":{"line":60,"column":6},"end":{"line":60,"column":15}},"loc":{"start":{"line":60,"column":23},"end":{"line":60,"column":null}},"line":60},"8":{"name":"(anonymous_8)","decl":{"start":{"line":66,"column":6},"end":{"line":66,"column":15}},"loc":{"start":{"line":67,"column":8},"end":{"line":73,"column":null}},"line":67},"9":{"name":"(anonymous_9)","decl":{"start":{"line":80,"column":6},"end":{"line":80,"column":15}},"loc":{"start":{"line":80,"column":23},"end":{"line":80,"column":null}},"line":80},"10":{"name":"(anonymous_10)","decl":{"start":{"line":86,"column":6},"end":{"line":86,"column":15}},"loc":{"start":{"line":87,"column":8},"end":{"line":90,"column":null}},"line":87}},"branchMap":{"0":{"loc":{"start":{"line":27,"column":40},"end":{"line":27,"column":null}},"type":"binary-expr","locations":[{"start":{"line":27,"column":40},"end":{"line":27,"column":58}},{"start":{"line":27,"column":58},"end":{"line":27,"column":null}}],"line":27},"1":{"loc":{"start":{"line":30,"column":4},"end":{"line":30,"column":null}},"type":"if","locations":[{"start":{"line":30,"column":4},"end":{"line":30,"column":null}},{"start":{},"end":{}}],"line":30},"2":{"loc":{"start":{"line":68,"column":10},"end":{"line":70,"column":null}},"type":"cond-expr","locations":[{"start":{"line":68,"column":40},"end":{"line":68,"column":null}},{"start":{"line":69,"column":10},"end":{"line":70,"column":null}}],"line":68},"3":{"loc":{"start":{"line":69,"column":10},"end":{"line":70,"column":null}},"type":"cond-expr","locations":[{"start":{"line":69,"column":35},"end":{"line":69,"column":null}},{"start":{"line":70,"column":10},"end":{"line":70,"column":null}}],"line":69}},"s":{"0":2,"1":1,"2":1,"3":2,"4":2,"5":2,"6":0,"7":2,"8":2,"9":2,"10":2,"11":2,"12":1,"13":1,"14":1,"15":1,"16":1,"17":1,"18":1,"19":2},"f":{"0":2,"1":1,"2":1,"3":2,"4":1,"5":1,"6":1,"7":1,"8":1,"9":1,"10":1},"b":{"0":[2,1],"1":[0,2],"2":[1,0],"3":[0,0]},"meta":{"lastBranch":4,"lastFunction":11,"lastStatement":20,"seen":{"f:20:16:20:30":0,"s:21:26:25:Infinity":0,"f:23:4:23:19":1,"s:23:19:23:Infinity":1,"f:23:59:23:64":2,"s:23:71:23:79":2,"s:27:40:27:Infinity":3,"b:27:40:27:58:27:58:27:Infinity":0,"s:29:8:35:Infinity":4,"f:29:8:29:23":3,"b:30:4:30:Infinity:undefined:undefined:undefined:undefined":1,"s:30:4:30:Infinity":5,"s:30:21:30:Infinity":6,"s:31:14:31:Infinity":7,"s:32:18:32:Infinity":8,"s:33:14:33:Infinity":9,"s:34:4:34:Infinity":10,"s:37:44:93:Infinity":11,"f:42:6:42:15":4,"s:42:15:42:Infinity":12,"f:48:6:48:15":5,"s:48:23:48:Infinity":13,"f:54:6:54:15":6,"s:54:23:54:Infinity":14,"f:60:6:60:15":7,"s:60:23:60:Infinity":15,"f:66:6:66:15":8,"s:67:8:73:Infinity":16,"b:68:40:68:Infinity:69:10:70:Infinity":2,"b:69:35:69:Infinity:70:10:70:Infinity":3,"f:80:6:80:15":9,"s:80:23:80:Infinity":17,"f:86:6:86:15":10,"s:87:8:90:Infinity":18,"s:95:2:112:Infinity":19},"fnNames":{}}}
,"A:\\GITHUB\\AI-Powered-Stateful-Personal-Firewall\\frontend\\src\\pages\\Dashboard.tsx": {"path":"A:\\GITHUB\\AI-Powered-Stateful-Personal-Firewall\\frontend\\src\\pages\\Dashboard.tsx","statementMap":{"0":{"start":{"line":13,"column":21},"end":{"line":13,"column":null}},"1":{"start":{"line":14,"column":24},"end":{"line":14,"column":null}},"2":{"start":{"line":17,"column":10},"end":{"line":17,"column":null}},"3":{"start":{"line":20,"column":16},"end":{"line":24,"column":null}},"4":{"start":{"line":22,"column":19},"end":{"line":22,"column":null}},"5":{"start":{"line":22,"column":55},"end":{"line":22,"column":63}},"6":{"start":{"line":26,"column":16},"end":{"line":30,"column":null}},"7":{"start":{"line":28,"column":19},"end":{"line":28,"column":null}},"8":{"start":{"line":28,"column":59},"end":{"line":28,"column":67}},"9":{"start":{"line":33,"column":2},"end":{"line":41,"column":null}},"10":{"start":{"line":34,"column":4},"end":{"line":40,"column":null}},"11":{"start":{"line":35,"column":6},"end":{"line":39,"column":null}},"12":{"start":{"line":37,"column":26},"end":{"line":37,"column":null}},"13":{"start":{"line":38,"column":8},"end":{"line":38,"column":null}},"14":{"start":{"line":43,"column":16},"end":{"line":43,"column":null}},"15":{"start":{"line":44,"column":20},"end":{"line":44,"column":null}},"16":{"start":{"line":46,"column":2},"end":{"line":103,"column":null}},"17":{"start":{"line":94,"column":33},"end":{"line":94,"column":null}},"18":{"start":{"line":101,"column":23},"end":{"line":101,"column":null}}},"fnMap":{"0":{"name":"Dashboard","decl":{"start":{"line":12,"column":16},"end":{"line":12,"column":28}},"loc":{"start":{"line":12,"column":28},"end":{"line":105,"column":null}},"line":12},"1":{"name":"(anonymous_1)","decl":{"start":{"line":22,"column":4},"end":{"line":22,"column":19}},"loc":{"start":{"line":22,"column":19},"end":{"line":22,"column":null}},"line":22},"2":{"name":"(anonymous_2)","decl":{"start":{"line":22,"column":43},"end":{"line":22,"column":48}},"loc":{"start":{"line":22,"column":55},"end":{"line":22,"column":63}},"line":22},"3":{"name":"(anonymous_3)","decl":{"start":{"line":28,"column":4},"end":{"line":28,"column":19}},"loc":{"start":{"line":28,"column":19},"end":{"line":28,"column":null}},"line":28},"4":{"name":"(anonymous_4)","decl":{"start":{"line":28,"column":47},"end":{"line":28,"column":52}},"loc":{"start":{"line":28,"column":59},"end":{"line":28,"column":67}},"line":28},"5":{"name":"(anonymous_5)","decl":{"start":{"line":33,"column":2},"end":{"line":33,"column":18}},"loc":{"start":{"line":33,"column":18},"end":{"line":41,"column":5}},"line":33},"6":{"name":"(anonymous_6)","decl":{"start":{"line":35,"column":6},"end":{"line":35,"column":20}},"loc":{"start":{"line":35,"column":28},"end":{"line":39,"column":7}},"line":35},"7":{"name":"(anonymous_7)","decl":{"start":{"line":94,"column":12},"end":{"line":94,"column":33}},"loc":{"start":{"line":94,"column":33},"end":{"line":94,"column":null}},"line":94},"8":{"name":"(anonymous_8)","decl":{"start":{"line":101,"column":8},"end":{"line":101,"column":23}},"loc":{"start":{"line":101,"column":23},"end":{"line":101,"column":null}},"line":101}},"branchMap":{"0":{"loc":{"start":{"line":34,"column":4},"end":{"line":40,"column":null}},"type":"if","locations":[{"start":{"line":34,"column":4},"end":{"line":40,"column":null}},{"start":{},"end":{}}],"line":34},"1":{"loc":{"start":{"line":34,"column":8},"end":{"line":34,"column":54}},"type":"binary-expr","locations":[{"start":{"line":34,"column":8},"end":{"line":34,"column":23}},{"start":{"line":34,"column":23},"end":{"line":34,"column":54}}],"line":34},"2":{"loc":{"start":{"line":43,"column":16},"end":{"line":43,"column":null}},"type":"binary-expr","locations":[{"start":{"line":43,"column":16},"end":{"line":43,"column":39}},{"start":{"line":43,"column":39},"end":{"line":43,"column":null}}],"line":43},"3":{"loc":{"start":{"line":44,"column":20},"end":{"line":44,"column":null}},"type":"binary-expr","locations":[{"start":{"line":44,"column":20},"end":{"line":44,"column":47}},{"start":{"line":44,"column":47},"end":{"line":44,"column":null}}],"line":44},"4":{"loc":{"start":{"line":62,"column":18},"end":{"line":62,"column":42}},"type":"binary-expr","locations":[{"start":{"line":62,"column":18},"end":{"line":62,"column":41}},{"start":{"line":62,"column":41},"end":{"line":62,"column":42}}],"line":62},"5":{"loc":{"start":{"line":67,"column":18},"end":{"line":67,"column":47}},"type":"binary-expr","locations":[{"start":{"line":67,"column":18},"end":{"line":67,"column":46}},{"start":{"line":67,"column":46},"end":{"line":67,"column":47}}],"line":67},"6":{"loc":{"start":{"line":72,"column":18},"end":{"line":72,"column":41}},"type":"binary-expr","locations":[{"start":{"line":72,"column":18},"end":{"line":72,"column":40}},{"start":{"line":72,"column":40},"end":{"line":72,"column":41}}],"line":72},"7":{"loc":{"start":{"line":74,"column":17},"end":{"line":74,"column":null}},"type":"cond-expr","locations":[{"start":{"line":74,"column":42},"end":{"line":74,"column":63}},{"start":{"line":74,"column":63},"end":{"line":74,"column":null}}],"line":74},"8":{"loc":{"start":{"line":79,"column":18},"end":{"line":79,"column":40}},"type":"binary-expr","locations":[{"start":{"line":79,"column":18},"end":{"line":79,"column":39}},{"start":{"line":79,"column":39},"end":{"line":79,"column":40}}],"line":79}},"s":{"0":9,"1":9,"2":9,"3":9,"4":4,"5":3,"6":9,"7":4,"8":4,"9":9,"10":5,"11":2,"12":2,"13":2,"14":9,"15":9,"16":9,"17":0,"18":0},"f":{"0":9,"1":4,"2":3,"3":4,"4":4,"5":5,"6":2,"7":0,"8":0},"b":{"0":[2,3],"1":[5,2],"2":[9,5],"3":[9,5],"4":[9,5],"5":[9,5],"6":[9,5],"7":[4,5],"8":[9,5]},"meta":{"lastBranch":9,"lastFunction":9,"lastStatement":19,"seen":{"f:12:16:12:28":0,"s:13:21:13:Infinity":0,"s:14:24:14:Infinity":1,"s:17:10:17:Infinity":2,"s:20:16:24:Infinity":3,"f:22:4:22:19":1,"s:22:19:22:Infinity":4,"f:22:43:22:48":2,"s:22:55:22:63":5,"s:26:16:30:Infinity":6,"f:28:4:28:19":3,"s:28:19:28:Infinity":7,"f:28:47:28:52":4,"s:28:59:28:67":8,"s:33:2:41:Infinity":9,"f:33:2:33:18":5,"b:34:4:40:Infinity:undefined:undefined:undefined:undefined":0,"s:34:4:40:Infinity":10,"b:34:8:34:23:34:23:34:54":1,"s:35:6:39:Infinity":11,"f:35:6:35:20":6,"s:37:26:37:Infinity":12,"s:38:8:38:Infinity":13,"s:43:16:43:Infinity":14,"b:43:16:43:39:43:39:43:Infinity":2,"s:44:20:44:Infinity":15,"b:44:20:44:47:44:47:44:Infinity":3,"s:46:2:103:Infinity":16,"b:62:18:62:41:62:41:62:42":4,"b:67:18:67:46:67:46:67:47":5,"b:72:18:72:40:72:40:72:41":6,"b:74:42:74:63:74:63:74:Infinity":7,"b:79:18:79:39:79:39:79:40":8,"f:94:12:94:33":7,"s:94:33:94:Infinity":17,"f:101:8:101:23":8,"s:101:23:101:Infinity":18},"fnNames":{}}}
,"A:\\GITHUB\\AI-Powered-Stateful-Personal-Firewall\\frontend\\src\\store\\themeStore.ts": {"path":"A:\\GITHUB\\AI-Powered-Stateful-Personal-Firewall\\frontend\\src\\store\\themeStore.ts","statementMap":{"0":{"start":{"line":9,"column":13},"end":{"line":17,"column":null}},"1":{"start":{"line":11,"column":14},"end":{"line":14,"column":null}},"2":{"start":{"line":13,"column":25},"end":{"line":13,"column":null}},"3":{"start":{"line":13,"column":41},"end":{"line":13,"column":67}}},"fnMap":{"0":{"name":"(anonymous_0)","decl":{"start":{"line":10,"column":2},"end":{"line":10,"column":null}},"loc":{"start":{"line":11,"column":14},"end":{"line":14,"column":null}},"line":11},"1":{"name":"(anonymous_1)","decl":{"start":{"line":13,"column":6},"end":{"line":13,"column":25}},"loc":{"start":{"line":13,"column":25},"end":{"line":13,"column":null}},"line":13},"2":{"name":"(anonymous_2)","decl":{"start":{"line":13,"column":25},"end":{"line":13,"column":30}},"loc":{"start":{"line":13,"column":41},"end":{"line":13,"column":67}},"line":13}},"branchMap":{},"s":{"0":1,"1":1,"2":0,"3":0},"f":{"0":1,"1":0,"2":0},"b":{},"meta":{"lastBranch":0,"lastFunction":3,"lastStatement":4,"seen":{"s:9:13:17:Infinity":0,"f:10:2:10:Infinity":0,"s:11:14:14:Infinity":1,"f:13:6:13:25":1,"s:13:25:13:Infinity":2,"f:13:25:13:30":2,"s:13:41:13:67":3},"fnNames":{}}}
,"A:\\GITHUB\\AI-Powered-Stateful-Personal-Firewall\\frontend\\src\\store\\uiStore.ts": {"path":"A:\\GITHUB\\AI-Powered-Stateful-Personal-Firewall\\frontend\\src\\store\\uiStore.ts","statementMap":{"0":{"start":{"line":9,"column":13},"end":{"line":13,"column":null}},"1":{"start":{"line":9,"column":52},"end":{"line":13,"column":2}},"2":{"start":{"line":11,"column":23},"end":{"line":11,"column":null}},"3":{"start":{"line":11,"column":39},"end":{"line":11,"column":75}},"4":{"start":{"line":12,"column":28},"end":{"line":12,"column":null}}},"fnMap":{"0":{"name":"(anonymous_0)","decl":{"start":{"line":9,"column":26},"end":{"line":9,"column":43}},"loc":{"start":{"line":9,"column":52},"end":{"line":13,"column":2}},"line":9},"1":{"name":"(anonymous_1)","decl":{"start":{"line":11,"column":2},"end":{"line":11,"column":23}},"loc":{"start":{"line":11,"column":23},"end":{"line":11,"column":null}},"line":11},"2":{"name":"(anonymous_2)","decl":{"start":{"line":11,"column":23},"end":{"line":11,"column":28}},"loc":{"start":{"line":11,"column":39},"end":{"line":11,"column":75}},"line":11},"3":{"name":"(anonymous_3)","decl":{"start":{"line":12,"column":2},"end":{"line":12,"column":19}},"loc":{"start":{"line":12,"column":28},"end":{"line":12,"column":null}},"line":12}},"branchMap":{},"s":{"0":2,"1":2,"2":0,"3":0,"4":0},"f":{"0":2,"1":0,"2":0,"3":0},"b":{},"meta":{"lastBranch":0,"lastFunction":4,"lastStatement":5,"seen":{"s:9:13:13:Infinity":0,"f:9:26:9:43":0,"s:9:52:13:2":1,"f:11:2:11:23":1,"s:11:23:11:Infinity":2,"f:11:23:11:28":2,"s:11:39:11:75":3,"f:12:2:12:19":3,"s:12:28:12:Infinity":4},"fnNames":{}}}
}
